17-09-26.15:58:22.888 [restartedMain] DEBUG o.m.s.b.a.MybatisAutoConfiguration$AutoConfiguredMapperScannerRegistrar [161]- Searching for mappers annotated with @Mapper'
17-09-26.15:58:22.893 [restartedMain] DEBUG o.m.s.b.a.MybatisAutoConfiguration$AutoConfiguredMapperScannerRegistrar [172]- Using auto-configuration base package 'com.study.yfz'
17-09-26.15:58:22.941 [restartedMain] WARN  o.m.s.m.ClassPathMapperScanner [167]- No MyBatis mapper was found in '[com.study.yfz]' package. Please check your configuration.
17-09-26.15:58:25.349 [restartedMain] DEBUG o.m.s.b.a.MybatisAutoConfiguration$MapperScannerRegistrarNotFoundConfiguration [209]- No org.mybatis.spring.mapper.MapperFactoryBean found.
17-09-26.15:58:25.373 [restartedMain] DEBUG o.a.i.l.LogFactory [135]- Logging initialized using 'class org.apache.ibatis.logging.slf4j.Slf4jImpl' adapter.
17-09-26.15:58:25.377 [restartedMain] DEBUG o.m.s.SqlSessionFactoryBean [411]- Property `configuration` or 'configLocation' not specified, using default MyBatis Configuration
17-09-26.15:58:25.416 [restartedMain] DEBUG o.m.s.SqlSessionFactoryBean [533]- Property 'mapperLocations' was not specified or no matching resources found
17-09-26.16:02:32.156 [restartedMain] DEBUG o.m.s.b.a.MybatisAutoConfiguration$AutoConfiguredMapperScannerRegistrar [161]- Searching for mappers annotated with @Mapper'
17-09-26.16:02:32.157 [restartedMain] DEBUG o.m.s.b.a.MybatisAutoConfiguration$AutoConfiguredMapperScannerRegistrar [172]- Using auto-configuration base package 'com.study.yfz'
17-09-26.16:02:32.172 [restartedMain] WARN  o.m.s.m.ClassPathMapperScanner [167]- No MyBatis mapper was found in '[com.study.yfz]' package. Please check your configuration.
17-09-26.16:02:32.813 [restartedMain] DEBUG o.m.s.b.a.MybatisAutoConfiguration$MapperScannerRegistrarNotFoundConfiguration [209]- No org.mybatis.spring.mapper.MapperFactoryBean found.
17-09-26.16:02:32.820 [restartedMain] DEBUG o.m.s.SqlSessionFactoryBean [411]- Property `configuration` or 'configLocation' not specified, using default MyBatis Configuration
17-09-26.16:02:32.821 [restartedMain] DEBUG o.m.s.SqlSessionFactoryBean [533]- Property 'mapperLocations' was not specified or no matching resources found
17-09-26.16:02:44.440 [restartedMain] DEBUG o.m.s.b.a.MybatisAutoConfiguration$AutoConfiguredMapperScannerRegistrar [161]- Searching for mappers annotated with @Mapper'
17-09-26.16:02:44.442 [restartedMain] DEBUG o.m.s.b.a.MybatisAutoConfiguration$AutoConfiguredMapperScannerRegistrar [172]- Using auto-configuration base package 'com.study.yfz'
17-09-26.16:02:44.455 [restartedMain] WARN  o.m.s.m.ClassPathMapperScanner [167]- No MyBatis mapper was found in '[com.study.yfz]' package. Please check your configuration.
17-09-26.16:02:45.054 [restartedMain] DEBUG o.m.s.b.a.MybatisAutoConfiguration$MapperScannerRegistrarNotFoundConfiguration [209]- No org.mybatis.spring.mapper.MapperFactoryBean found.
17-09-26.16:02:45.063 [restartedMain] DEBUG o.m.s.SqlSessionFactoryBean [411]- Property `configuration` or 'configLocation' not specified, using default MyBatis Configuration
17-09-26.16:02:45.065 [restartedMain] DEBUG o.m.s.SqlSessionFactoryBean [533]- Property 'mapperLocations' was not specified or no matching resources found
17-09-26.16:03:36.220 [restartedMain] DEBUG o.m.s.b.a.MybatisAutoConfiguration$AutoConfiguredMapperScannerRegistrar [161]- Searching for mappers annotated with @Mapper'
17-09-26.16:03:36.221 [restartedMain] DEBUG o.m.s.b.a.MybatisAutoConfiguration$AutoConfiguredMapperScannerRegistrar [172]- Using auto-configuration base package 'com.study.yfz'
17-09-26.16:03:36.233 [restartedMain] WARN  o.m.s.m.ClassPathMapperScanner [167]- No MyBatis mapper was found in '[com.study.yfz]' package. Please check your configuration.
17-09-26.16:03:36.565 [restartedMain] DEBUG o.m.s.b.a.MybatisAutoConfiguration$MapperScannerRegistrarNotFoundConfiguration [209]- No org.mybatis.spring.mapper.MapperFactoryBean found.
17-09-26.16:03:36.572 [restartedMain] DEBUG o.m.s.SqlSessionFactoryBean [411]- Property `configuration` or 'configLocation' not specified, using default MyBatis Configuration
17-09-26.16:03:36.573 [restartedMain] DEBUG o.m.s.SqlSessionFactoryBean [533]- Property 'mapperLocations' was not specified or no matching resources found
17-09-26.16:03:41.970 [restartedMain] DEBUG o.m.s.b.a.MybatisAutoConfiguration$AutoConfiguredMapperScannerRegistrar [161]- Searching for mappers annotated with @Mapper'
17-09-26.16:03:41.971 [restartedMain] DEBUG o.m.s.b.a.MybatisAutoConfiguration$AutoConfiguredMapperScannerRegistrar [172]- Using auto-configuration base package 'com.study.yfz'
17-09-26.16:03:41.983 [restartedMain] WARN  o.m.s.m.ClassPathMapperScanner [167]- No MyBatis mapper was found in '[com.study.yfz]' package. Please check your configuration.
17-09-26.16:03:42.623 [restartedMain] DEBUG o.m.s.b.a.MybatisAutoConfiguration$MapperScannerRegistrarNotFoundConfiguration [209]- No org.mybatis.spring.mapper.MapperFactoryBean found.
17-09-26.16:03:42.631 [restartedMain] DEBUG o.m.s.SqlSessionFactoryBean [411]- Property `configuration` or 'configLocation' not specified, using default MyBatis Configuration
17-09-26.16:03:42.633 [restartedMain] DEBUG o.m.s.SqlSessionFactoryBean [533]- Property 'mapperLocations' was not specified or no matching resources found
17-09-26.16:04:52.745 [restartedMain] DEBUG o.m.s.b.a.MybatisAutoConfiguration$AutoConfiguredMapperScannerRegistrar [161]- Searching for mappers annotated with @Mapper'
17-09-26.16:04:52.746 [restartedMain] DEBUG o.m.s.b.a.MybatisAutoConfiguration$AutoConfiguredMapperScannerRegistrar [172]- Using auto-configuration base package 'com.study.yfz'
17-09-26.16:04:52.766 [restartedMain] WARN  o.m.s.m.ClassPathMapperScanner [167]- No MyBatis mapper was found in '[com.study.yfz]' package. Please check your configuration.
17-09-26.16:04:53.255 [restartedMain] DEBUG o.m.s.b.a.MybatisAutoConfiguration$MapperScannerRegistrarNotFoundConfiguration [209]- No org.mybatis.spring.mapper.MapperFactoryBean found.
17-09-26.16:04:53.261 [restartedMain] DEBUG o.m.s.SqlSessionFactoryBean [411]- Property `configuration` or 'configLocation' not specified, using default MyBatis Configuration
17-09-26.16:04:53.262 [restartedMain] DEBUG o.m.s.SqlSessionFactoryBean [533]- Property 'mapperLocations' was not specified or no matching resources found
17-09-26.16:04:56.627 [restartedMain] DEBUG o.m.s.b.a.MybatisAutoConfiguration$AutoConfiguredMapperScannerRegistrar [161]- Searching for mappers annotated with @Mapper'
17-09-26.16:04:56.628 [restartedMain] DEBUG o.m.s.b.a.MybatisAutoConfiguration$AutoConfiguredMapperScannerRegistrar [172]- Using auto-configuration base package 'com.study.yfz'
17-09-26.16:04:56.640 [restartedMain] WARN  o.m.s.m.ClassPathMapperScanner [167]- No MyBatis mapper was found in '[com.study.yfz]' package. Please check your configuration.
17-09-26.16:04:56.989 [restartedMain] DEBUG o.m.s.b.a.MybatisAutoConfiguration$MapperScannerRegistrarNotFoundConfiguration [209]- No org.mybatis.spring.mapper.MapperFactoryBean found.
17-09-26.16:04:56.996 [restartedMain] DEBUG o.m.s.SqlSessionFactoryBean [411]- Property `configuration` or 'configLocation' not specified, using default MyBatis Configuration
17-09-26.16:04:56.997 [restartedMain] DEBUG o.m.s.SqlSessionFactoryBean [533]- Property 'mapperLocations' was not specified or no matching resources found
17-09-26.16:05:06.378 [restartedMain] DEBUG o.m.s.b.a.MybatisAutoConfiguration$AutoConfiguredMapperScannerRegistrar [161]- Searching for mappers annotated with @Mapper'
17-09-26.16:05:06.379 [restartedMain] DEBUG o.m.s.b.a.MybatisAutoConfiguration$AutoConfiguredMapperScannerRegistrar [172]- Using auto-configuration base package 'com.study.yfz'
17-09-26.16:05:06.391 [restartedMain] WARN  o.m.s.m.ClassPathMapperScanner [167]- No MyBatis mapper was found in '[com.study.yfz]' package. Please check your configuration.
17-09-26.16:05:06.771 [restartedMain] DEBUG o.m.s.b.a.MybatisAutoConfiguration$MapperScannerRegistrarNotFoundConfiguration [209]- No org.mybatis.spring.mapper.MapperFactoryBean found.
17-09-26.16:05:06.777 [restartedMain] DEBUG o.m.s.SqlSessionFactoryBean [411]- Property `configuration` or 'configLocation' not specified, using default MyBatis Configuration
17-09-26.16:05:06.778 [restartedMain] DEBUG o.m.s.SqlSessionFactoryBean [533]- Property 'mapperLocations' was not specified or no matching resources found
17-09-26.16:09:36.723 [restartedMain] DEBUG o.m.s.b.a.MybatisAutoConfiguration$AutoConfiguredMapperScannerRegistrar [161]- Searching for mappers annotated with @Mapper'
17-09-26.16:09:36.724 [restartedMain] DEBUG o.m.s.b.a.MybatisAutoConfiguration$AutoConfiguredMapperScannerRegistrar [172]- Using auto-configuration base package 'com.study.yfz'
17-09-26.16:09:36.735 [restartedMain] WARN  o.m.s.m.ClassPathMapperScanner [167]- No MyBatis mapper was found in '[com.study.yfz]' package. Please check your configuration.
17-09-26.16:09:37.159 [restartedMain] DEBUG o.m.s.b.a.MybatisAutoConfiguration$MapperScannerRegistrarNotFoundConfiguration [209]- No org.mybatis.spring.mapper.MapperFactoryBean found.
17-09-26.16:09:37.187 [restartedMain] DEBUG o.m.s.SqlSessionFactoryBean [411]- Property `configuration` or 'configLocation' not specified, using default MyBatis Configuration
17-09-26.16:09:37.188 [restartedMain] DEBUG o.m.s.SqlSessionFactoryBean [533]- Property 'mapperLocations' was not specified or no matching resources found
17-09-26.16:09:41.919 [restartedMain] DEBUG o.m.s.b.a.MybatisAutoConfiguration$AutoConfiguredMapperScannerRegistrar [161]- Searching for mappers annotated with @Mapper'
17-09-26.16:09:41.920 [restartedMain] DEBUG o.m.s.b.a.MybatisAutoConfiguration$AutoConfiguredMapperScannerRegistrar [172]- Using auto-configuration base package 'com.study.yfz'
17-09-26.16:09:41.932 [restartedMain] WARN  o.m.s.m.ClassPathMapperScanner [167]- No MyBatis mapper was found in '[com.study.yfz]' package. Please check your configuration.
17-09-26.16:09:42.343 [restartedMain] DEBUG o.m.s.b.a.MybatisAutoConfiguration$MapperScannerRegistrarNotFoundConfiguration [209]- No org.mybatis.spring.mapper.MapperFactoryBean found.
17-09-26.16:09:42.349 [restartedMain] DEBUG o.m.s.SqlSessionFactoryBean [411]- Property `configuration` or 'configLocation' not specified, using default MyBatis Configuration
17-09-26.16:09:42.350 [restartedMain] DEBUG o.m.s.SqlSessionFactoryBean [533]- Property 'mapperLocations' was not specified or no matching resources found
17-09-26.16:09:45.869 [restartedMain] DEBUG o.m.s.b.a.MybatisAutoConfiguration$AutoConfiguredMapperScannerRegistrar [161]- Searching for mappers annotated with @Mapper'
17-09-26.16:09:45.870 [restartedMain] DEBUG o.m.s.b.a.MybatisAutoConfiguration$AutoConfiguredMapperScannerRegistrar [172]- Using auto-configuration base package 'com.study.yfz'
17-09-26.16:09:45.884 [restartedMain] WARN  o.m.s.m.ClassPathMapperScanner [167]- No MyBatis mapper was found in '[com.study.yfz]' package. Please check your configuration.
17-09-26.16:09:46.170 [restartedMain] DEBUG o.m.s.b.a.MybatisAutoConfiguration$MapperScannerRegistrarNotFoundConfiguration [209]- No org.mybatis.spring.mapper.MapperFactoryBean found.
17-09-26.16:09:46.177 [restartedMain] DEBUG o.m.s.SqlSessionFactoryBean [411]- Property `configuration` or 'configLocation' not specified, using default MyBatis Configuration
17-09-26.16:09:46.178 [restartedMain] DEBUG o.m.s.SqlSessionFactoryBean [533]- Property 'mapperLocations' was not specified or no matching resources found
17-09-26.16:09:57.861 [restartedMain] DEBUG o.m.s.b.a.MybatisAutoConfiguration$AutoConfiguredMapperScannerRegistrar [161]- Searching for mappers annotated with @Mapper'
17-09-26.16:09:57.864 [restartedMain] DEBUG o.m.s.b.a.MybatisAutoConfiguration$AutoConfiguredMapperScannerRegistrar [172]- Using auto-configuration base package 'com.study.yfz'
17-09-26.16:09:57.908 [restartedMain] WARN  o.m.s.m.ClassPathMapperScanner [167]- No MyBatis mapper was found in '[com.study.yfz]' package. Please check your configuration.
17-09-26.16:09:59.990 [restartedMain] DEBUG o.m.s.b.a.MybatisAutoConfiguration$MapperScannerRegistrarNotFoundConfiguration [209]- No org.mybatis.spring.mapper.MapperFactoryBean found.
17-09-26.16:10:00.017 [restartedMain] DEBUG o.a.i.l.LogFactory [135]- Logging initialized using 'class org.apache.ibatis.logging.slf4j.Slf4jImpl' adapter.
17-09-26.16:10:00.023 [restartedMain] DEBUG o.m.s.SqlSessionFactoryBean [411]- Property `configuration` or 'configLocation' not specified, using default MyBatis Configuration
17-09-26.16:10:00.055 [restartedMain] DEBUG o.m.s.SqlSessionFactoryBean [533]- Property 'mapperLocations' was not specified or no matching resources found
17-09-26.16:12:31.715 [restartedMain] DEBUG o.m.s.b.a.MybatisAutoConfiguration$AutoConfiguredMapperScannerRegistrar [161]- Searching for mappers annotated with @Mapper'
17-09-26.16:12:31.717 [restartedMain] DEBUG o.m.s.b.a.MybatisAutoConfiguration$AutoConfiguredMapperScannerRegistrar [172]- Using auto-configuration base package 'com.study.yfz'
17-09-26.16:12:31.763 [restartedMain] WARN  o.m.s.m.ClassPathMapperScanner [167]- No MyBatis mapper was found in '[com.study.yfz]' package. Please check your configuration.
17-09-26.16:12:40.997 [restartedMain] DEBUG o.m.s.b.a.MybatisAutoConfiguration$MapperScannerRegistrarNotFoundConfiguration [209]- No org.mybatis.spring.mapper.MapperFactoryBean found.
17-09-26.16:12:41.020 [restartedMain] DEBUG o.a.i.l.LogFactory [135]- Logging initialized using 'class org.apache.ibatis.logging.slf4j.Slf4jImpl' adapter.
17-09-26.16:12:41.024 [restartedMain] DEBUG o.m.s.SqlSessionFactoryBean [411]- Property `configuration` or 'configLocation' not specified, using default MyBatis Configuration
17-09-26.16:12:41.063 [restartedMain] DEBUG o.m.s.SqlSessionFactoryBean [533]- Property 'mapperLocations' was not specified or no matching resources found
17-09-26.16:14:05.696 [restartedMain] DEBUG o.m.s.b.a.MybatisAutoConfiguration$AutoConfiguredMapperScannerRegistrar [161]- Searching for mappers annotated with @Mapper'
17-09-26.16:14:05.697 [restartedMain] DEBUG o.m.s.b.a.MybatisAutoConfiguration$AutoConfiguredMapperScannerRegistrar [172]- Using auto-configuration base package 'com.study.yfz'
17-09-26.16:14:05.712 [restartedMain] WARN  o.m.s.m.ClassPathMapperScanner [167]- No MyBatis mapper was found in '[com.study.yfz]' package. Please check your configuration.
17-09-26.16:14:06.707 [restartedMain] DEBUG o.m.s.b.a.MybatisAutoConfiguration$MapperScannerRegistrarNotFoundConfiguration [209]- No org.mybatis.spring.mapper.MapperFactoryBean found.
17-09-26.16:14:06.717 [restartedMain] DEBUG o.m.s.SqlSessionFactoryBean [411]- Property `configuration` or 'configLocation' not specified, using default MyBatis Configuration
17-09-26.16:14:06.718 [restartedMain] DEBUG o.m.s.SqlSessionFactoryBean [533]- Property 'mapperLocations' was not specified or no matching resources found
17-09-26.16:14:17.952 [restartedMain] DEBUG o.m.s.b.a.MybatisAutoConfiguration$AutoConfiguredMapperScannerRegistrar [161]- Searching for mappers annotated with @Mapper'
17-09-26.16:14:17.956 [restartedMain] DEBUG o.m.s.b.a.MybatisAutoConfiguration$AutoConfiguredMapperScannerRegistrar [172]- Using auto-configuration base package 'com.study.yfz'
17-09-26.16:14:18.005 [restartedMain] WARN  o.m.s.m.ClassPathMapperScanner [167]- No MyBatis mapper was found in '[com.study.yfz]' package. Please check your configuration.
17-09-26.16:14:22.919 [restartedMain] DEBUG o.m.s.b.a.MybatisAutoConfiguration$MapperScannerRegistrarNotFoundConfiguration [209]- No org.mybatis.spring.mapper.MapperFactoryBean found.
17-09-26.16:14:22.943 [restartedMain] DEBUG o.a.i.l.LogFactory [135]- Logging initialized using 'class org.apache.ibatis.logging.slf4j.Slf4jImpl' adapter.
17-09-26.16:14:22.947 [restartedMain] DEBUG o.m.s.SqlSessionFactoryBean [411]- Property `configuration` or 'configLocation' not specified, using default MyBatis Configuration
17-09-26.16:14:22.985 [restartedMain] DEBUG o.m.s.SqlSessionFactoryBean [533]- Property 'mapperLocations' was not specified or no matching resources found
17-09-26.16:18:50.795 [restartedMain] DEBUG o.m.s.b.a.MybatisAutoConfiguration$AutoConfiguredMapperScannerRegistrar [161]- Searching for mappers annotated with @Mapper'
17-09-26.16:18:50.796 [restartedMain] DEBUG o.m.s.b.a.MybatisAutoConfiguration$AutoConfiguredMapperScannerRegistrar [172]- Using auto-configuration base package 'com.study.yfz'
17-09-26.16:18:50.811 [restartedMain] WARN  o.m.s.m.ClassPathMapperScanner [167]- No MyBatis mapper was found in '[com.study.yfz]' package. Please check your configuration.
17-09-26.16:18:51.257 [restartedMain] DEBUG o.m.s.b.a.MybatisAutoConfiguration$MapperScannerRegistrarNotFoundConfiguration [209]- No org.mybatis.spring.mapper.MapperFactoryBean found.
17-09-26.16:18:51.264 [restartedMain] DEBUG o.m.s.SqlSessionFactoryBean [411]- Property `configuration` or 'configLocation' not specified, using default MyBatis Configuration
17-09-26.16:18:51.265 [restartedMain] DEBUG o.m.s.SqlSessionFactoryBean [533]- Property 'mapperLocations' was not specified or no matching resources found
17-09-26.16:19:05.970 [restartedMain] DEBUG o.m.s.b.a.MybatisAutoConfiguration$AutoConfiguredMapperScannerRegistrar [161]- Searching for mappers annotated with @Mapper'
17-09-26.16:19:05.973 [restartedMain] DEBUG o.m.s.b.a.MybatisAutoConfiguration$AutoConfiguredMapperScannerRegistrar [172]- Using auto-configuration base package 'com.study.yfz'
17-09-26.16:19:06.015 [restartedMain] WARN  o.m.s.m.ClassPathMapperScanner [167]- No MyBatis mapper was found in '[com.study.yfz]' package. Please check your configuration.
17-09-26.16:19:08.356 [restartedMain] DEBUG o.m.s.b.a.MybatisAutoConfiguration$MapperScannerRegistrarNotFoundConfiguration [209]- No org.mybatis.spring.mapper.MapperFactoryBean found.
17-09-26.16:19:08.380 [restartedMain] DEBUG o.a.i.l.LogFactory [135]- Logging initialized using 'class org.apache.ibatis.logging.slf4j.Slf4jImpl' adapter.
17-09-26.16:19:08.384 [restartedMain] DEBUG o.m.s.SqlSessionFactoryBean [411]- Property `configuration` or 'configLocation' not specified, using default MyBatis Configuration
17-09-26.16:19:08.421 [restartedMain] DEBUG o.m.s.SqlSessionFactoryBean [533]- Property 'mapperLocations' was not specified or no matching resources found
17-09-26.16:19:24.551 [restartedMain] DEBUG o.m.s.b.a.MybatisAutoConfiguration$AutoConfiguredMapperScannerRegistrar [161]- Searching for mappers annotated with @Mapper'
17-09-26.16:19:24.552 [restartedMain] DEBUG o.m.s.b.a.MybatisAutoConfiguration$AutoConfiguredMapperScannerRegistrar [172]- Using auto-configuration base package 'com.study.yfz'
17-09-26.16:19:24.567 [restartedMain] WARN  o.m.s.m.ClassPathMapperScanner [167]- No MyBatis mapper was found in '[com.study.yfz]' package. Please check your configuration.
17-09-26.16:19:25.060 [restartedMain] DEBUG o.m.s.b.a.MybatisAutoConfiguration$MapperScannerRegistrarNotFoundConfiguration [209]- No org.mybatis.spring.mapper.MapperFactoryBean found.
17-09-26.16:19:25.068 [restartedMain] DEBUG o.m.s.SqlSessionFactoryBean [411]- Property `configuration` or 'configLocation' not specified, using default MyBatis Configuration
17-09-26.16:19:25.069 [restartedMain] DEBUG o.m.s.SqlSessionFactoryBean [533]- Property 'mapperLocations' was not specified or no matching resources found
17-09-26.16:24:18.345 [restartedMain] DEBUG o.m.s.b.a.MybatisAutoConfiguration$AutoConfiguredMapperScannerRegistrar [161]- Searching for mappers annotated with @Mapper'
17-09-26.16:24:18.346 [restartedMain] DEBUG o.m.s.b.a.MybatisAutoConfiguration$AutoConfiguredMapperScannerRegistrar [172]- Using auto-configuration base package 'com.study.yfz'
17-09-26.16:24:18.373 [restartedMain] WARN  o.m.s.m.ClassPathMapperScanner [167]- No MyBatis mapper was found in '[com.study.yfz]' package. Please check your configuration.
17-09-26.16:27:37.890 [restartedMain] DEBUG o.m.s.b.a.MybatisAutoConfiguration$AutoConfiguredMapperScannerRegistrar [161]- Searching for mappers annotated with @Mapper'
17-09-26.16:27:37.891 [restartedMain] DEBUG o.m.s.b.a.MybatisAutoConfiguration$AutoConfiguredMapperScannerRegistrar [172]- Using auto-configuration base package 'com.study.yfz'
17-09-26.16:27:37.904 [restartedMain] WARN  o.m.s.m.ClassPathMapperScanner [167]- No MyBatis mapper was found in '[com.study.yfz]' package. Please check your configuration.
17-09-26.16:27:42.120 [restartedMain] DEBUG o.m.s.b.a.MybatisAutoConfiguration$AutoConfiguredMapperScannerRegistrar [161]- Searching for mappers annotated with @Mapper'
17-09-26.16:27:42.121 [restartedMain] DEBUG o.m.s.b.a.MybatisAutoConfiguration$AutoConfiguredMapperScannerRegistrar [172]- Using auto-configuration base package 'com.study.yfz'
17-09-26.16:27:42.135 [restartedMain] WARN  o.m.s.m.ClassPathMapperScanner [167]- No MyBatis mapper was found in '[com.study.yfz]' package. Please check your configuration.
17-09-26.16:27:42.487 [restartedMain] DEBUG o.m.s.b.a.MybatisAutoConfiguration$MapperScannerRegistrarNotFoundConfiguration [209]- No org.mybatis.spring.mapper.MapperFactoryBean found.
17-09-26.16:27:42.492 [restartedMain] DEBUG o.m.s.SqlSessionFactoryBean [411]- Property `configuration` or 'configLocation' not specified, using default MyBatis Configuration
17-09-26.16:27:42.493 [restartedMain] DEBUG o.m.s.SqlSessionFactoryBean [533]- Property 'mapperLocations' was not specified or no matching resources found
17-09-26.16:28:06.083 [restartedMain] DEBUG o.m.s.b.a.MybatisAutoConfiguration$AutoConfiguredMapperScannerRegistrar [161]- Searching for mappers annotated with @Mapper'
17-09-26.16:28:06.085 [restartedMain] DEBUG o.m.s.b.a.MybatisAutoConfiguration$AutoConfiguredMapperScannerRegistrar [172]- Using auto-configuration base package 'com.study.yfz'
17-09-26.16:28:06.106 [restartedMain] WARN  o.m.s.m.ClassPathMapperScanner [167]- No MyBatis mapper was found in '[com.study.yfz]' package. Please check your configuration.
17-09-26.16:28:11.286 [restartedMain] DEBUG o.m.s.b.a.MybatisAutoConfiguration$AutoConfiguredMapperScannerRegistrar [161]- Searching for mappers annotated with @Mapper'
17-09-26.16:28:11.287 [restartedMain] DEBUG o.m.s.b.a.MybatisAutoConfiguration$AutoConfiguredMapperScannerRegistrar [172]- Using auto-configuration base package 'com.study.yfz'
17-09-26.16:28:11.299 [restartedMain] WARN  o.m.s.m.ClassPathMapperScanner [167]- No MyBatis mapper was found in '[com.study.yfz]' package. Please check your configuration.
17-09-26.16:28:11.746 [restartedMain] DEBUG o.m.s.b.a.MybatisAutoConfiguration$MapperScannerRegistrarNotFoundConfiguration [209]- No org.mybatis.spring.mapper.MapperFactoryBean found.
17-09-26.16:28:11.753 [restartedMain] DEBUG o.m.s.SqlSessionFactoryBean [411]- Property `configuration` or 'configLocation' not specified, using default MyBatis Configuration
17-09-26.16:28:11.754 [restartedMain] DEBUG o.m.s.SqlSessionFactoryBean [533]- Property 'mapperLocations' was not specified or no matching resources found
17-09-26.16:28:22.264 [restartedMain] DEBUG o.m.s.b.a.MybatisAutoConfiguration$AutoConfiguredMapperScannerRegistrar [161]- Searching for mappers annotated with @Mapper'
17-09-26.16:28:22.265 [restartedMain] DEBUG o.m.s.b.a.MybatisAutoConfiguration$AutoConfiguredMapperScannerRegistrar [172]- Using auto-configuration base package 'com.study.yfz'
17-09-26.16:28:22.276 [restartedMain] WARN  o.m.s.m.ClassPathMapperScanner [167]- No MyBatis mapper was found in '[com.study.yfz]' package. Please check your configuration.
17-09-26.16:28:22.861 [restartedMain] DEBUG o.m.s.b.a.MybatisAutoConfiguration$MapperScannerRegistrarNotFoundConfiguration [209]- No org.mybatis.spring.mapper.MapperFactoryBean found.
17-09-26.16:28:22.867 [restartedMain] DEBUG o.m.s.SqlSessionFactoryBean [411]- Property `configuration` or 'configLocation' not specified, using default MyBatis Configuration
17-09-26.16:28:22.868 [restartedMain] DEBUG o.m.s.SqlSessionFactoryBean [533]- Property 'mapperLocations' was not specified or no matching resources found
17-09-26.16:28:33.437 [restartedMain] DEBUG o.m.s.b.a.MybatisAutoConfiguration$AutoConfiguredMapperScannerRegistrar [161]- Searching for mappers annotated with @Mapper'
17-09-26.16:28:33.438 [restartedMain] DEBUG o.m.s.b.a.MybatisAutoConfiguration$AutoConfiguredMapperScannerRegistrar [172]- Using auto-configuration base package 'com.study.yfz'
17-09-26.16:28:33.449 [restartedMain] WARN  o.m.s.m.ClassPathMapperScanner [167]- No MyBatis mapper was found in '[com.study.yfz]' package. Please check your configuration.
17-09-26.16:28:33.813 [restartedMain] DEBUG o.m.s.b.a.MybatisAutoConfiguration$MapperScannerRegistrarNotFoundConfiguration [209]- No org.mybatis.spring.mapper.MapperFactoryBean found.
17-09-26.16:28:33.824 [restartedMain] DEBUG o.m.s.SqlSessionFactoryBean [411]- Property `configuration` or 'configLocation' not specified, using default MyBatis Configuration
17-09-26.16:28:33.825 [restartedMain] DEBUG o.m.s.SqlSessionFactoryBean [533]- Property 'mapperLocations' was not specified or no matching resources found
17-09-26.16:28:54.376 [restartedMain] DEBUG o.m.s.b.a.MybatisAutoConfiguration$AutoConfiguredMapperScannerRegistrar [161]- Searching for mappers annotated with @Mapper'
17-09-26.16:28:54.377 [restartedMain] DEBUG o.m.s.b.a.MybatisAutoConfiguration$AutoConfiguredMapperScannerRegistrar [172]- Using auto-configuration base package 'com.study.yfz'
17-09-26.16:28:54.388 [restartedMain] WARN  o.m.s.m.ClassPathMapperScanner [167]- No MyBatis mapper was found in '[com.study.yfz]' package. Please check your configuration.
17-09-26.16:28:57.476 [restartedMain] DEBUG o.m.s.b.a.MybatisAutoConfiguration$AutoConfiguredMapperScannerRegistrar [161]- Searching for mappers annotated with @Mapper'
17-09-26.16:28:57.477 [restartedMain] DEBUG o.m.s.b.a.MybatisAutoConfiguration$AutoConfiguredMapperScannerRegistrar [172]- Using auto-configuration base package 'com.study.yfz'
17-09-26.16:28:57.488 [restartedMain] WARN  o.m.s.m.ClassPathMapperScanner [167]- No MyBatis mapper was found in '[com.study.yfz]' package. Please check your configuration.
17-09-26.16:28:57.906 [restartedMain] DEBUG o.m.s.b.a.MybatisAutoConfiguration$MapperScannerRegistrarNotFoundConfiguration [209]- No org.mybatis.spring.mapper.MapperFactoryBean found.
17-09-26.16:28:57.912 [restartedMain] DEBUG o.m.s.SqlSessionFactoryBean [411]- Property `configuration` or 'configLocation' not specified, using default MyBatis Configuration
17-09-26.16:28:57.913 [restartedMain] DEBUG o.m.s.SqlSessionFactoryBean [533]- Property 'mapperLocations' was not specified or no matching resources found
17-09-26.16:29:15.702 [restartedMain] DEBUG o.m.s.b.a.MybatisAutoConfiguration$AutoConfiguredMapperScannerRegistrar [161]- Searching for mappers annotated with @Mapper'
17-09-26.16:29:15.703 [restartedMain] DEBUG o.m.s.b.a.MybatisAutoConfiguration$AutoConfiguredMapperScannerRegistrar [172]- Using auto-configuration base package 'com.study.yfz'
17-09-26.16:29:15.723 [restartedMain] WARN  o.m.s.m.ClassPathMapperScanner [167]- No MyBatis mapper was found in '[com.study.yfz]' package. Please check your configuration.
17-09-26.16:29:16.131 [restartedMain] DEBUG o.m.s.b.a.MybatisAutoConfiguration$MapperScannerRegistrarNotFoundConfiguration [209]- No org.mybatis.spring.mapper.MapperFactoryBean found.
17-09-26.16:29:16.148 [restartedMain] DEBUG o.m.s.SqlSessionFactoryBean [411]- Property `configuration` or 'configLocation' not specified, using default MyBatis Configuration
17-09-26.16:29:16.150 [restartedMain] DEBUG o.m.s.SqlSessionFactoryBean [533]- Property 'mapperLocations' was not specified or no matching resources found
17-09-26.16:29:21.896 [restartedMain] DEBUG o.m.s.b.a.MybatisAutoConfiguration$AutoConfiguredMapperScannerRegistrar [161]- Searching for mappers annotated with @Mapper'
17-09-26.16:29:21.897 [restartedMain] DEBUG o.m.s.b.a.MybatisAutoConfiguration$AutoConfiguredMapperScannerRegistrar [172]- Using auto-configuration base package 'com.study.yfz'
17-09-26.16:29:21.919 [restartedMain] WARN  o.m.s.m.ClassPathMapperScanner [167]- No MyBatis mapper was found in '[com.study.yfz]' package. Please check your configuration.
17-09-26.16:29:22.205 [restartedMain] DEBUG o.m.s.b.a.MybatisAutoConfiguration$MapperScannerRegistrarNotFoundConfiguration [209]- No org.mybatis.spring.mapper.MapperFactoryBean found.
17-09-26.16:29:22.211 [restartedMain] DEBUG o.m.s.SqlSessionFactoryBean [411]- Property `configuration` or 'configLocation' not specified, using default MyBatis Configuration
17-09-26.16:29:22.212 [restartedMain] DEBUG o.m.s.SqlSessionFactoryBean [533]- Property 'mapperLocations' was not specified or no matching resources found
17-09-26.16:29:30.655 [restartedMain] DEBUG o.m.s.b.a.MybatisAutoConfiguration$AutoConfiguredMapperScannerRegistrar [161]- Searching for mappers annotated with @Mapper'
17-09-26.16:29:30.656 [restartedMain] DEBUG o.m.s.b.a.MybatisAutoConfiguration$AutoConfiguredMapperScannerRegistrar [172]- Using auto-configuration base package 'com.study.yfz'
17-09-26.16:29:30.668 [restartedMain] WARN  o.m.s.m.ClassPathMapperScanner [167]- No MyBatis mapper was found in '[com.study.yfz]' package. Please check your configuration.
17-09-26.16:29:39.865 [restartedMain] DEBUG o.m.s.b.a.MybatisAutoConfiguration$AutoConfiguredMapperScannerRegistrar [161]- Searching for mappers annotated with @Mapper'
17-09-26.16:29:39.866 [restartedMain] DEBUG o.m.s.b.a.MybatisAutoConfiguration$AutoConfiguredMapperScannerRegistrar [172]- Using auto-configuration base package 'com.study.yfz'
17-09-26.16:29:39.877 [restartedMain] WARN  o.m.s.m.ClassPathMapperScanner [167]- No MyBatis mapper was found in '[com.study.yfz]' package. Please check your configuration.
17-09-26.16:29:40.157 [restartedMain] DEBUG o.m.s.b.a.MybatisAutoConfiguration$MapperScannerRegistrarNotFoundConfiguration [209]- No org.mybatis.spring.mapper.MapperFactoryBean found.
17-09-26.16:29:40.163 [restartedMain] DEBUG o.m.s.SqlSessionFactoryBean [411]- Property `configuration` or 'configLocation' not specified, using default MyBatis Configuration
17-09-26.16:29:40.164 [restartedMain] DEBUG o.m.s.SqlSessionFactoryBean [533]- Property 'mapperLocations' was not specified or no matching resources found
17-09-26.16:37:02.375 [restartedMain] DEBUG o.m.s.b.a.MybatisAutoConfiguration$AutoConfiguredMapperScannerRegistrar [161]- Searching for mappers annotated with @Mapper'
17-09-26.16:37:02.377 [restartedMain] DEBUG o.m.s.b.a.MybatisAutoConfiguration$AutoConfiguredMapperScannerRegistrar [172]- Using auto-configuration base package 'com.study.yfz'
17-09-26.16:37:02.390 [restartedMain] WARN  o.m.s.m.ClassPathMapperScanner [167]- No MyBatis mapper was found in '[com.study.yfz]' package. Please check your configuration.
17-09-26.16:37:02.758 [restartedMain] DEBUG o.m.s.b.a.MybatisAutoConfiguration$MapperScannerRegistrarNotFoundConfiguration [209]- No org.mybatis.spring.mapper.MapperFactoryBean found.
17-09-26.16:37:02.765 [restartedMain] DEBUG o.m.s.SqlSessionFactoryBean [411]- Property `configuration` or 'configLocation' not specified, using default MyBatis Configuration
17-09-26.16:37:02.767 [restartedMain] DEBUG o.m.s.SqlSessionFactoryBean [533]- Property 'mapperLocations' was not specified or no matching resources found
17-09-26.16:39:18.019 [restartedMain] DEBUG o.m.s.b.a.MybatisAutoConfiguration$AutoConfiguredMapperScannerRegistrar [161]- Searching for mappers annotated with @Mapper'
17-09-26.16:39:18.019 [restartedMain] DEBUG o.m.s.b.a.MybatisAutoConfiguration$AutoConfiguredMapperScannerRegistrar [172]- Using auto-configuration base package 'com.study.yfz'
17-09-26.16:39:18.031 [restartedMain] WARN  o.m.s.m.ClassPathMapperScanner [167]- No MyBatis mapper was found in '[com.study.yfz]' package. Please check your configuration.
17-09-26.16:39:18.305 [restartedMain] DEBUG o.m.s.b.a.MybatisAutoConfiguration$MapperScannerRegistrarNotFoundConfiguration [209]- No org.mybatis.spring.mapper.MapperFactoryBean found.
17-09-26.16:39:18.310 [restartedMain] DEBUG o.m.s.SqlSessionFactoryBean [411]- Property `configuration` or 'configLocation' not specified, using default MyBatis Configuration
17-09-26.16:39:18.311 [restartedMain] DEBUG o.m.s.SqlSessionFactoryBean [533]- Property 'mapperLocations' was not specified or no matching resources found
17-09-26.16:47:43.798 [restartedMain] DEBUG o.m.s.b.a.MybatisAutoConfiguration$AutoConfiguredMapperScannerRegistrar [161]- Searching for mappers annotated with @Mapper'
17-09-26.16:47:43.801 [restartedMain] DEBUG o.m.s.b.a.MybatisAutoConfiguration$AutoConfiguredMapperScannerRegistrar [172]- Using auto-configuration base package 'com.study.yfz'
17-09-26.16:47:43.848 [restartedMain] WARN  o.m.s.m.ClassPathMapperScanner [167]- No MyBatis mapper was found in '[com.study.yfz]' package. Please check your configuration.
17-09-26.16:47:45.692 [restartedMain] DEBUG o.m.s.b.a.MybatisAutoConfiguration$MapperScannerRegistrarNotFoundConfiguration [209]- No org.mybatis.spring.mapper.MapperFactoryBean found.
17-09-26.16:47:45.710 [restartedMain] DEBUG o.a.i.l.LogFactory [135]- Logging initialized using 'class org.apache.ibatis.logging.slf4j.Slf4jImpl' adapter.
17-09-26.16:47:45.713 [restartedMain] DEBUG o.m.s.SqlSessionFactoryBean [411]- Property `configuration` or 'configLocation' not specified, using default MyBatis Configuration
17-09-26.16:47:45.742 [restartedMain] DEBUG o.m.s.SqlSessionFactoryBean [533]- Property 'mapperLocations' was not specified or no matching resources found
17-09-26.17:15:07.640 [restartedMain] DEBUG o.m.s.b.a.MybatisAutoConfiguration$AutoConfiguredMapperScannerRegistrar [161]- Searching for mappers annotated with @Mapper'
17-09-26.17:15:07.641 [restartedMain] DEBUG o.m.s.b.a.MybatisAutoConfiguration$AutoConfiguredMapperScannerRegistrar [172]- Using auto-configuration base package 'com.study.yfz'
17-09-26.17:15:07.655 [restartedMain] WARN  o.m.s.m.ClassPathMapperScanner [167]- No MyBatis mapper was found in '[com.study.yfz]' package. Please check your configuration.
17-09-26.17:15:12.871 [restartedMain] DEBUG o.m.s.b.a.MybatisAutoConfiguration$AutoConfiguredMapperScannerRegistrar [161]- Searching for mappers annotated with @Mapper'
17-09-26.17:15:12.872 [restartedMain] DEBUG o.m.s.b.a.MybatisAutoConfiguration$AutoConfiguredMapperScannerRegistrar [172]- Using auto-configuration base package 'com.study.yfz'
17-09-26.17:15:12.886 [restartedMain] WARN  o.m.s.m.ClassPathMapperScanner [167]- No MyBatis mapper was found in '[com.study.yfz]' package. Please check your configuration.
17-09-26.17:15:13.401 [restartedMain] DEBUG o.m.s.b.a.MybatisAutoConfiguration$MapperScannerRegistrarNotFoundConfiguration [209]- No org.mybatis.spring.mapper.MapperFactoryBean found.
17-09-26.17:15:13.408 [restartedMain] DEBUG o.m.s.SqlSessionFactoryBean [411]- Property `configuration` or 'configLocation' not specified, using default MyBatis Configuration
17-09-26.17:15:13.409 [restartedMain] DEBUG o.m.s.SqlSessionFactoryBean [533]- Property 'mapperLocations' was not specified or no matching resources found
17-09-26.17:21:26.867 [restartedMain] DEBUG o.m.s.b.a.MybatisAutoConfiguration$AutoConfiguredMapperScannerRegistrar [161]- Searching for mappers annotated with @Mapper'
17-09-26.17:21:26.868 [restartedMain] DEBUG o.m.s.b.a.MybatisAutoConfiguration$AutoConfiguredMapperScannerRegistrar [172]- Using auto-configuration base package 'com.study.yfz'
17-09-26.17:21:26.869 [restartedMain] WARN  o.m.s.m.ClassPathMapperScanner [167]- No MyBatis mapper was found in '[com.study.yfz]' package. Please check your configuration.
17-09-26.17:21:31.593 [restartedMain] DEBUG o.m.s.b.a.MybatisAutoConfiguration$AutoConfiguredMapperScannerRegistrar [161]- Searching for mappers annotated with @Mapper'
17-09-26.17:21:31.605 [restartedMain] DEBUG o.m.s.b.a.MybatisAutoConfiguration$AutoConfiguredMapperScannerRegistrar [172]- Using auto-configuration base package 'com.study.yfz'
17-09-26.17:21:31.623 [restartedMain] WARN  o.m.s.m.ClassPathMapperScanner [167]- No MyBatis mapper was found in '[com.study.yfz]' package. Please check your configuration.
17-09-26.17:21:32.228 [restartedMain] DEBUG o.m.s.b.a.MybatisAutoConfiguration$MapperScannerRegistrarNotFoundConfiguration [209]- No org.mybatis.spring.mapper.MapperFactoryBean found.
17-09-26.17:21:32.235 [restartedMain] DEBUG o.m.s.SqlSessionFactoryBean [411]- Property `configuration` or 'configLocation' not specified, using default MyBatis Configuration
17-09-26.17:21:32.236 [restartedMain] DEBUG o.m.s.SqlSessionFactoryBean [533]- Property 'mapperLocations' was not specified or no matching resources found
