17-09-26.10:58:12.734 [restartedMain] DEBUG o.m.s.b.a.MybatisAutoConfiguration$AutoConfiguredMapperScannerRegistrar [161]- Searching for mappers annotated with @Mapper'
17-09-26.10:58:12.750 [restartedMain] DEBUG o.m.s.b.a.MybatisAutoConfiguration$AutoConfiguredMapperScannerRegistrar [172]- Using auto-configuration base package 'com.ipaynow.operation_demo3'
17-09-26.11:00:17.113 [restartedMain] DEBUG o.m.s.b.a.MybatisAutoConfiguration$AutoConfiguredMapperScannerRegistrar [161]- Searching for mappers annotated with @Mapper'
17-09-26.11:00:17.113 [restartedMain] DEBUG o.m.s.b.a.MybatisAutoConfiguration$AutoConfiguredMapperScannerRegistrar [172]- Using auto-configuration base package 'com.ipaynow.operation_demo3'
17-09-26.11:00:17.160 [restartedMain] WARN  o.m.s.m.ClassPathMapperScanner [167]- No MyBatis mapper was found in '[com.ipaynow.operation_demo3]' package. Please check your configuration.
17-09-26.11:00:19.496 [restartedMain] DEBUG o.m.s.b.a.MybatisAutoConfiguration$MapperScannerRegistrarNotFoundConfiguration [209]- No org.mybatis.spring.mapper.MapperFactoryBean found.
17-09-26.11:00:19.512 [restartedMain] DEBUG o.a.i.l.LogFactory [135]- Logging initialized using 'class org.apache.ibatis.logging.slf4j.Slf4jImpl' adapter.
17-09-26.11:01:23.735 [restartedMain] DEBUG o.m.s.b.a.MybatisAutoConfiguration$AutoConfiguredMapperScannerRegistrar [161]- Searching for mappers annotated with @Mapper'
17-09-26.11:01:23.735 [restartedMain] DEBUG o.m.s.b.a.MybatisAutoConfiguration$AutoConfiguredMapperScannerRegistrar [172]- Using auto-configuration base package 'com.ipaynow.operation_demo3'
17-09-26.11:01:23.766 [restartedMain] WARN  o.m.s.m.ClassPathMapperScanner [167]- No MyBatis mapper was found in '[com.ipaynow.operation_demo3]' package. Please check your configuration.
17-09-26.11:01:25.172 [restartedMain] DEBUG o.m.s.b.a.MybatisAutoConfiguration$MapperScannerRegistrarNotFoundConfiguration [209]- No org.mybatis.spring.mapper.MapperFactoryBean found.
17-09-26.11:01:25.203 [restartedMain] DEBUG o.a.i.l.LogFactory [135]- Logging initialized using 'class org.apache.ibatis.logging.slf4j.Slf4jImpl' adapter.
17-09-26.11:01:25.203 [restartedMain] DEBUG o.m.s.SqlSessionFactoryBean [411]- Property `configuration` or 'configLocation' not specified, using default MyBatis Configuration
17-09-26.11:01:25.219 [restartedMain] DEBUG o.m.s.SqlSessionFactoryBean [533]- Property 'mapperLocations' was not specified or no matching resources found
17-09-26.11:02:49.018 [restartedMain] DEBUG o.m.s.b.a.MybatisAutoConfiguration$AutoConfiguredMapperScannerRegistrar [161]- Searching for mappers annotated with @Mapper'
17-09-26.11:02:49.018 [restartedMain] DEBUG o.m.s.b.a.MybatisAutoConfiguration$AutoConfiguredMapperScannerRegistrar [172]- Using auto-configuration base package 'com.ipaynow.operation_demo3'
17-09-26.11:02:49.034 [restartedMain] WARN  o.m.s.m.ClassPathMapperScanner [167]- No MyBatis mapper was found in '[com.ipaynow.operation_demo3]' package. Please check your configuration.
17-09-26.11:02:49.361 [restartedMain] DEBUG o.m.s.b.a.MybatisAutoConfiguration$MapperScannerRegistrarNotFoundConfiguration [209]- No org.mybatis.spring.mapper.MapperFactoryBean found.
17-09-26.11:02:49.377 [restartedMain] DEBUG o.m.s.SqlSessionFactoryBean [411]- Property `configuration` or 'configLocation' not specified, using default MyBatis Configuration
17-09-26.11:02:49.377 [restartedMain] DEBUG o.m.s.SqlSessionFactoryBean [533]- Property 'mapperLocations' was not specified or no matching resources found
17-09-26.11:03:05.783 [restartedMain] DEBUG o.m.s.b.a.MybatisAutoConfiguration$AutoConfiguredMapperScannerRegistrar [161]- Searching for mappers annotated with @Mapper'
17-09-26.11:03:05.783 [restartedMain] DEBUG o.m.s.b.a.MybatisAutoConfiguration$AutoConfiguredMapperScannerRegistrar [172]- Using auto-configuration base package 'com.ipaynow.operation_demo3'
17-09-26.11:03:05.798 [restartedMain] WARN  o.m.s.m.ClassPathMapperScanner [167]- No MyBatis mapper was found in '[com.ipaynow.operation_demo3]' package. Please check your configuration.
17-09-26.11:03:06.314 [restartedMain] DEBUG o.m.s.b.a.MybatisAutoConfiguration$MapperScannerRegistrarNotFoundConfiguration [209]- No org.mybatis.spring.mapper.MapperFactoryBean found.
17-09-26.11:03:06.314 [restartedMain] DEBUG o.m.s.SqlSessionFactoryBean [411]- Property `configuration` or 'configLocation' not specified, using default MyBatis Configuration
17-09-26.11:03:06.314 [restartedMain] DEBUG o.m.s.SqlSessionFactoryBean [533]- Property 'mapperLocations' was not specified or no matching resources found
17-09-26.11:03:10.483 [restartedMain] DEBUG o.m.s.b.a.MybatisAutoConfiguration$AutoConfiguredMapperScannerRegistrar [161]- Searching for mappers annotated with @Mapper'
17-09-26.11:03:10.483 [restartedMain] DEBUG o.m.s.b.a.MybatisAutoConfiguration$AutoConfiguredMapperScannerRegistrar [172]- Using auto-configuration base package 'com.ipaynow.operation_demo3'
17-09-26.11:03:10.483 [restartedMain] WARN  o.m.s.m.ClassPathMapperScanner [167]- No MyBatis mapper was found in '[com.ipaynow.operation_demo3]' package. Please check your configuration.
17-09-26.11:03:10.781 [restartedMain] DEBUG o.m.s.b.a.MybatisAutoConfiguration$MapperScannerRegistrarNotFoundConfiguration [209]- No org.mybatis.spring.mapper.MapperFactoryBean found.
17-09-26.11:03:10.781 [restartedMain] DEBUG o.m.s.SqlSessionFactoryBean [411]- Property `configuration` or 'configLocation' not specified, using default MyBatis Configuration
17-09-26.11:03:10.781 [restartedMain] DEBUG o.m.s.SqlSessionFactoryBean [533]- Property 'mapperLocations' was not specified or no matching resources found
17-09-26.11:24:41.543 [restartedMain] DEBUG o.m.s.b.a.MybatisAutoConfiguration$AutoConfiguredMapperScannerRegistrar [161]- Searching for mappers annotated with @Mapper'
17-09-26.11:24:41.559 [restartedMain] DEBUG o.m.s.b.a.MybatisAutoConfiguration$AutoConfiguredMapperScannerRegistrar [172]- Using auto-configuration base package 'com.ipaynow.operation_demo3'
17-09-26.11:24:41.606 [restartedMain] WARN  o.m.s.m.ClassPathMapperScanner [167]- No MyBatis mapper was found in '[com.ipaynow.operation_demo3]' package. Please check your configuration.
17-09-26.11:24:43.326 [restartedMain] DEBUG o.m.s.b.a.MybatisAutoConfiguration$MapperScannerRegistrarNotFoundConfiguration [209]- No org.mybatis.spring.mapper.MapperFactoryBean found.
17-09-26.11:24:43.342 [restartedMain] DEBUG o.a.i.l.LogFactory [135]- Logging initialized using 'class org.apache.ibatis.logging.slf4j.Slf4jImpl' adapter.
17-09-26.11:24:43.342 [restartedMain] DEBUG o.m.s.SqlSessionFactoryBean [411]- Property `configuration` or 'configLocation' not specified, using default MyBatis Configuration
17-09-26.11:24:43.389 [restartedMain] DEBUG o.m.s.SqlSessionFactoryBean [533]- Property 'mapperLocations' was not specified or no matching resources found
17-09-26.11:25:01.132 [restartedMain] DEBUG o.m.s.b.a.MybatisAutoConfiguration$AutoConfiguredMapperScannerRegistrar [161]- Searching for mappers annotated with @Mapper'
17-09-26.11:25:01.132 [restartedMain] DEBUG o.m.s.b.a.MybatisAutoConfiguration$AutoConfiguredMapperScannerRegistrar [172]- Using auto-configuration base package 'com.ipaynow.operation_demo3'
17-09-26.11:25:01.148 [restartedMain] WARN  o.m.s.m.ClassPathMapperScanner [167]- No MyBatis mapper was found in '[com.ipaynow.operation_demo3]' package. Please check your configuration.
17-09-26.11:25:01.600 [restartedMain] DEBUG o.m.s.b.a.MybatisAutoConfiguration$MapperScannerRegistrarNotFoundConfiguration [209]- No org.mybatis.spring.mapper.MapperFactoryBean found.
17-09-26.11:25:01.616 [restartedMain] DEBUG o.m.s.SqlSessionFactoryBean [411]- Property `configuration` or 'configLocation' not specified, using default MyBatis Configuration
17-09-26.11:25:01.616 [restartedMain] DEBUG o.m.s.SqlSessionFactoryBean [533]- Property 'mapperLocations' was not specified or no matching resources found
17-09-26.11:26:44.008 [restartedMain] DEBUG o.m.s.b.a.MybatisAutoConfiguration$AutoConfiguredMapperScannerRegistrar [161]- Searching for mappers annotated with @Mapper'
17-09-26.11:26:44.008 [restartedMain] DEBUG o.m.s.b.a.MybatisAutoConfiguration$AutoConfiguredMapperScannerRegistrar [172]- Using auto-configuration base package 'com.ipaynow.operation_demo3'
17-09-26.11:26:44.024 [restartedMain] WARN  o.m.s.m.ClassPathMapperScanner [167]- No MyBatis mapper was found in '[com.ipaynow.operation_demo3]' package. Please check your configuration.
17-09-26.11:26:44.414 [restartedMain] DEBUG o.m.s.b.a.MybatisAutoConfiguration$MapperScannerRegistrarNotFoundConfiguration [209]- No org.mybatis.spring.mapper.MapperFactoryBean found.
17-09-26.11:26:44.430 [restartedMain] DEBUG o.m.s.SqlSessionFactoryBean [411]- Property `configuration` or 'configLocation' not specified, using default MyBatis Configuration
17-09-26.11:26:44.430 [restartedMain] DEBUG o.m.s.SqlSessionFactoryBean [533]- Property 'mapperLocations' was not specified or no matching resources found
17-09-26.11:39:14.550 [restartedMain] DEBUG o.m.s.b.a.MybatisAutoConfiguration$AutoConfiguredMapperScannerRegistrar [161]- Searching for mappers annotated with @Mapper'
17-09-26.11:39:14.550 [restartedMain] DEBUG o.m.s.b.a.MybatisAutoConfiguration$AutoConfiguredMapperScannerRegistrar [172]- Using auto-configuration base package 'com.ipaynow.operation_demo3'
17-09-26.11:39:14.597 [restartedMain] WARN  o.m.s.m.ClassPathMapperScanner [167]- No MyBatis mapper was found in '[com.ipaynow.operation_demo3]' package. Please check your configuration.
17-09-26.11:39:16.658 [restartedMain] DEBUG o.m.s.b.a.MybatisAutoConfiguration$MapperScannerRegistrarNotFoundConfiguration [209]- No org.mybatis.spring.mapper.MapperFactoryBean found.
17-09-26.11:39:16.674 [restartedMain] DEBUG o.a.i.l.LogFactory [135]- Logging initialized using 'class org.apache.ibatis.logging.slf4j.Slf4jImpl' adapter.
17-09-26.11:39:16.674 [restartedMain] DEBUG o.m.s.SqlSessionFactoryBean [411]- Property `configuration` or 'configLocation' not specified, using default MyBatis Configuration
17-09-26.11:39:16.705 [restartedMain] DEBUG o.m.s.SqlSessionFactoryBean [533]- Property 'mapperLocations' was not specified or no matching resources found
17-09-26.11:39:33.428 [restartedMain] DEBUG o.m.s.b.a.MybatisAutoConfiguration$AutoConfiguredMapperScannerRegistrar [161]- Searching for mappers annotated with @Mapper'
17-09-26.11:39:33.443 [restartedMain] DEBUG o.m.s.b.a.MybatisAutoConfiguration$AutoConfiguredMapperScannerRegistrar [172]- Using auto-configuration base package 'com.ipaynow.operation_demo3'
17-09-26.11:39:33.443 [restartedMain] WARN  o.m.s.m.ClassPathMapperScanner [167]- No MyBatis mapper was found in '[com.ipaynow.operation_demo3]' package. Please check your configuration.
17-09-26.11:39:34.020 [restartedMain] DEBUG o.m.s.b.a.MybatisAutoConfiguration$MapperScannerRegistrarNotFoundConfiguration [209]- No org.mybatis.spring.mapper.MapperFactoryBean found.
17-09-26.11:39:34.020 [restartedMain] DEBUG o.m.s.SqlSessionFactoryBean [411]- Property `configuration` or 'configLocation' not specified, using default MyBatis Configuration
17-09-26.11:39:34.020 [restartedMain] DEBUG o.m.s.SqlSessionFactoryBean [533]- Property 'mapperLocations' was not specified or no matching resources found
17-09-26.11:41:35.326 [restartedMain] DEBUG o.m.s.b.a.MybatisAutoConfiguration$AutoConfiguredMapperScannerRegistrar [161]- Searching for mappers annotated with @Mapper'
17-09-26.11:41:35.328 [restartedMain] DEBUG o.m.s.b.a.MybatisAutoConfiguration$AutoConfiguredMapperScannerRegistrar [172]- Using auto-configuration base package 'com.ipaynow.operation_demo3'
17-09-26.11:41:35.367 [restartedMain] WARN  o.m.s.m.ClassPathMapperScanner [167]- No MyBatis mapper was found in '[com.ipaynow.operation_demo3]' package. Please check your configuration.
17-09-26.11:41:35.712 [restartedMain] DEBUG o.m.s.b.a.MybatisAutoConfiguration$MapperScannerRegistrarNotFoundConfiguration [209]- No org.mybatis.spring.mapper.MapperFactoryBean found.
17-09-26.11:41:35.720 [restartedMain] DEBUG o.m.s.SqlSessionFactoryBean [411]- Property `configuration` or 'configLocation' not specified, using default MyBatis Configuration
17-09-26.11:41:35.721 [restartedMain] DEBUG o.m.s.SqlSessionFactoryBean [533]- Property 'mapperLocations' was not specified or no matching resources found
17-09-26.11:43:10.440 [restartedMain] DEBUG o.m.s.b.a.MybatisAutoConfiguration$AutoConfiguredMapperScannerRegistrar [161]- Searching for mappers annotated with @Mapper'
17-09-26.11:43:10.455 [restartedMain] DEBUG o.m.s.b.a.MybatisAutoConfiguration$AutoConfiguredMapperScannerRegistrar [172]- Using auto-configuration base package 'com.ipaynow.operation_demo3'
17-09-26.11:43:10.471 [restartedMain] WARN  o.m.s.m.ClassPathMapperScanner [167]- No MyBatis mapper was found in '[com.ipaynow.operation_demo3]' package. Please check your configuration.
17-09-26.11:43:11.924 [restartedMain] DEBUG o.m.s.b.a.MybatisAutoConfiguration$MapperScannerRegistrarNotFoundConfiguration [209]- No org.mybatis.spring.mapper.MapperFactoryBean found.
17-09-26.11:43:11.939 [restartedMain] DEBUG o.a.i.l.LogFactory [135]- Logging initialized using 'class org.apache.ibatis.logging.slf4j.Slf4jImpl' adapter.
17-09-26.11:43:11.955 [restartedMain] DEBUG o.m.s.SqlSessionFactoryBean [411]- Property `configuration` or 'configLocation' not specified, using default MyBatis Configuration
17-09-26.11:43:11.971 [restartedMain] DEBUG o.m.s.SqlSessionFactoryBean [533]- Property 'mapperLocations' was not specified or no matching resources found
17-09-26.11:43:33.724 [restartedMain] DEBUG o.m.s.b.a.MybatisAutoConfiguration$AutoConfiguredMapperScannerRegistrar [161]- Searching for mappers annotated with @Mapper'
17-09-26.11:43:33.724 [restartedMain] DEBUG o.m.s.b.a.MybatisAutoConfiguration$AutoConfiguredMapperScannerRegistrar [172]- Using auto-configuration base package 'com.ipaynow.operation_demo3'
17-09-26.11:43:33.740 [restartedMain] WARN  o.m.s.m.ClassPathMapperScanner [167]- No MyBatis mapper was found in '[com.ipaynow.operation_demo3]' package. Please check your configuration.
17-09-26.11:43:34.348 [restartedMain] DEBUG o.m.s.b.a.MybatisAutoConfiguration$MapperScannerRegistrarNotFoundConfiguration [209]- No org.mybatis.spring.mapper.MapperFactoryBean found.
17-09-26.11:43:34.348 [restartedMain] DEBUG o.m.s.SqlSessionFactoryBean [411]- Property `configuration` or 'configLocation' not specified, using default MyBatis Configuration
17-09-26.11:43:34.364 [restartedMain] DEBUG o.m.s.SqlSessionFactoryBean [533]- Property 'mapperLocations' was not specified or no matching resources found
17-09-26.11:43:48.833 [restartedMain] DEBUG o.m.s.b.a.MybatisAutoConfiguration$AutoConfiguredMapperScannerRegistrar [161]- Searching for mappers annotated with @Mapper'
17-09-26.11:43:48.834 [restartedMain] DEBUG o.m.s.b.a.MybatisAutoConfiguration$AutoConfiguredMapperScannerRegistrar [172]- Using auto-configuration base package 'com.ipaynow.operation_demo3'
17-09-26.11:43:48.834 [restartedMain] WARN  o.m.s.m.ClassPathMapperScanner [167]- No MyBatis mapper was found in '[com.ipaynow.operation_demo3]' package. Please check your configuration.
17-09-26.11:43:49.162 [restartedMain] DEBUG o.m.s.b.a.MybatisAutoConfiguration$MapperScannerRegistrarNotFoundConfiguration [209]- No org.mybatis.spring.mapper.MapperFactoryBean found.
17-09-26.11:43:49.162 [restartedMain] DEBUG o.m.s.SqlSessionFactoryBean [411]- Property `configuration` or 'configLocation' not specified, using default MyBatis Configuration
17-09-26.11:43:49.162 [restartedMain] DEBUG o.m.s.SqlSessionFactoryBean [533]- Property 'mapperLocations' was not specified or no matching resources found
17-09-26.11:47:01.199 [restartedMain] DEBUG o.m.s.b.a.MybatisAutoConfiguration$AutoConfiguredMapperScannerRegistrar [161]- Searching for mappers annotated with @Mapper'
17-09-26.11:47:01.200 [restartedMain] DEBUG o.m.s.b.a.MybatisAutoConfiguration$AutoConfiguredMapperScannerRegistrar [172]- Using auto-configuration base package 'com.ipaynow.operation_demo3'
17-09-26.11:47:01.205 [restartedMain] WARN  o.m.s.m.ClassPathMapperScanner [167]- No MyBatis mapper was found in '[com.ipaynow.operation_demo3]' package. Please check your configuration.
17-09-26.11:47:01.612 [restartedMain] DEBUG o.m.s.b.a.MybatisAutoConfiguration$MapperScannerRegistrarNotFoundConfiguration [209]- No org.mybatis.spring.mapper.MapperFactoryBean found.
17-09-26.11:47:01.620 [restartedMain] DEBUG o.m.s.SqlSessionFactoryBean [411]- Property `configuration` or 'configLocation' not specified, using default MyBatis Configuration
17-09-26.11:47:01.621 [restartedMain] DEBUG o.m.s.SqlSessionFactoryBean [533]- Property 'mapperLocations' was not specified or no matching resources found
17-09-26.11:47:20.793 [restartedMain] DEBUG o.m.s.b.a.MybatisAutoConfiguration$AutoConfiguredMapperScannerRegistrar [161]- Searching for mappers annotated with @Mapper'
17-09-26.11:47:20.797 [restartedMain] DEBUG o.m.s.b.a.MybatisAutoConfiguration$AutoConfiguredMapperScannerRegistrar [172]- Using auto-configuration base package 'com.ipaynow.operation_demo3'
17-09-26.11:47:20.822 [restartedMain] WARN  o.m.s.m.ClassPathMapperScanner [167]- No MyBatis mapper was found in '[com.ipaynow.operation_demo3]' package. Please check your configuration.
17-09-26.11:47:22.317 [restartedMain] DEBUG o.m.s.b.a.MybatisAutoConfiguration$MapperScannerRegistrarNotFoundConfiguration [209]- No org.mybatis.spring.mapper.MapperFactoryBean found.
17-09-26.11:47:22.337 [restartedMain] DEBUG o.a.i.l.LogFactory [135]- Logging initialized using 'class org.apache.ibatis.logging.slf4j.Slf4jImpl' adapter.
17-09-26.11:47:22.339 [restartedMain] DEBUG o.m.s.SqlSessionFactoryBean [411]- Property `configuration` or 'configLocation' not specified, using default MyBatis Configuration
17-09-26.11:47:22.368 [restartedMain] DEBUG o.m.s.SqlSessionFactoryBean [533]- Property 'mapperLocations' was not specified or no matching resources found
17-09-26.11:50:51.622 [restartedMain] DEBUG o.m.s.b.a.MybatisAutoConfiguration$AutoConfiguredMapperScannerRegistrar [161]- Searching for mappers annotated with @Mapper'
17-09-26.11:50:51.626 [restartedMain] DEBUG o.m.s.b.a.MybatisAutoConfiguration$AutoConfiguredMapperScannerRegistrar [172]- Using auto-configuration base package 'com.ipaynow.operation_demo3'
17-09-26.11:50:51.669 [restartedMain] WARN  o.m.s.m.ClassPathMapperScanner [167]- No MyBatis mapper was found in '[com.ipaynow.operation_demo3]' package. Please check your configuration.
17-09-26.11:50:53.224 [restartedMain] DEBUG o.m.s.b.a.MybatisAutoConfiguration$MapperScannerRegistrarNotFoundConfiguration [209]- No org.mybatis.spring.mapper.MapperFactoryBean found.
17-09-26.11:50:53.243 [restartedMain] DEBUG o.a.i.l.LogFactory [135]- Logging initialized using 'class org.apache.ibatis.logging.slf4j.Slf4jImpl' adapter.
17-09-26.11:50:53.245 [restartedMain] DEBUG o.m.s.SqlSessionFactoryBean [411]- Property `configuration` or 'configLocation' not specified, using default MyBatis Configuration
17-09-26.11:50:53.273 [restartedMain] DEBUG o.m.s.SqlSessionFactoryBean [533]- Property 'mapperLocations' was not specified or no matching resources found
17-09-26.11:51:06.903 [restartedMain] DEBUG o.m.s.b.a.MybatisAutoConfiguration$AutoConfiguredMapperScannerRegistrar [161]- Searching for mappers annotated with @Mapper'
17-09-26.11:51:06.905 [restartedMain] DEBUG o.m.s.b.a.MybatisAutoConfiguration$AutoConfiguredMapperScannerRegistrar [172]- Using auto-configuration base package 'com.ipaynow.operation_demo3'
17-09-26.11:51:06.920 [restartedMain] WARN  o.m.s.m.ClassPathMapperScanner [167]- No MyBatis mapper was found in '[com.ipaynow.operation_demo3]' package. Please check your configuration.
17-09-26.11:51:07.333 [restartedMain] DEBUG o.m.s.b.a.MybatisAutoConfiguration$MapperScannerRegistrarNotFoundConfiguration [209]- No org.mybatis.spring.mapper.MapperFactoryBean found.
17-09-26.11:51:07.340 [restartedMain] DEBUG o.m.s.SqlSessionFactoryBean [411]- Property `configuration` or 'configLocation' not specified, using default MyBatis Configuration
17-09-26.11:51:07.341 [restartedMain] DEBUG o.m.s.SqlSessionFactoryBean [533]- Property 'mapperLocations' was not specified or no matching resources found
17-09-26.11:51:09.436 [restartedMain] DEBUG o.m.s.b.a.MybatisAutoConfiguration$AutoConfiguredMapperScannerRegistrar [161]- Searching for mappers annotated with @Mapper'
17-09-26.11:51:09.438 [restartedMain] DEBUG o.m.s.b.a.MybatisAutoConfiguration$AutoConfiguredMapperScannerRegistrar [172]- Using auto-configuration base package 'com.ipaynow.operation_demo3'
17-09-26.11:51:09.451 [restartedMain] WARN  o.m.s.m.ClassPathMapperScanner [167]- No MyBatis mapper was found in '[com.ipaynow.operation_demo3]' package. Please check your configuration.
17-09-26.11:51:09.714 [restartedMain] DEBUG o.m.s.b.a.MybatisAutoConfiguration$MapperScannerRegistrarNotFoundConfiguration [209]- No org.mybatis.spring.mapper.MapperFactoryBean found.
17-09-26.11:51:09.722 [restartedMain] DEBUG o.m.s.SqlSessionFactoryBean [411]- Property `configuration` or 'configLocation' not specified, using default MyBatis Configuration
17-09-26.11:51:09.723 [restartedMain] DEBUG o.m.s.SqlSessionFactoryBean [533]- Property 'mapperLocations' was not specified or no matching resources found
17-09-26.11:51:18.855 [restartedMain] DEBUG o.m.s.b.a.MybatisAutoConfiguration$AutoConfiguredMapperScannerRegistrar [161]- Searching for mappers annotated with @Mapper'
17-09-26.11:51:18.856 [restartedMain] DEBUG o.m.s.b.a.MybatisAutoConfiguration$AutoConfiguredMapperScannerRegistrar [172]- Using auto-configuration base package 'com.ipaynow.operation_demo3'
17-09-26.11:51:18.872 [restartedMain] WARN  o.m.s.m.ClassPathMapperScanner [167]- No MyBatis mapper was found in '[com.ipaynow.operation_demo3]' package. Please check your configuration.
17-09-26.11:51:19.221 [restartedMain] DEBUG o.m.s.b.a.MybatisAutoConfiguration$MapperScannerRegistrarNotFoundConfiguration [209]- No org.mybatis.spring.mapper.MapperFactoryBean found.
17-09-26.11:51:19.229 [restartedMain] DEBUG o.m.s.SqlSessionFactoryBean [411]- Property `configuration` or 'configLocation' not specified, using default MyBatis Configuration
17-09-26.11:51:19.230 [restartedMain] DEBUG o.m.s.SqlSessionFactoryBean [533]- Property 'mapperLocations' was not specified or no matching resources found
17-09-26.11:51:40.568 [restartedMain] DEBUG o.m.s.b.a.MybatisAutoConfiguration$AutoConfiguredMapperScannerRegistrar [161]- Searching for mappers annotated with @Mapper'
17-09-26.11:51:40.569 [restartedMain] DEBUG o.m.s.b.a.MybatisAutoConfiguration$AutoConfiguredMapperScannerRegistrar [172]- Using auto-configuration base package 'com.ipaynow.operation_demo3'
17-09-26.11:51:40.583 [restartedMain] WARN  o.m.s.m.ClassPathMapperScanner [167]- No MyBatis mapper was found in '[com.ipaynow.operation_demo3]' package. Please check your configuration.
17-09-26.11:51:40.825 [restartedMain] DEBUG o.m.s.b.a.MybatisAutoConfiguration$MapperScannerRegistrarNotFoundConfiguration [209]- No org.mybatis.spring.mapper.MapperFactoryBean found.
17-09-26.11:51:40.830 [restartedMain] DEBUG o.m.s.SqlSessionFactoryBean [411]- Property `configuration` or 'configLocation' not specified, using default MyBatis Configuration
17-09-26.11:51:40.831 [restartedMain] DEBUG o.m.s.SqlSessionFactoryBean [533]- Property 'mapperLocations' was not specified or no matching resources found
17-09-26.14:02:23.425 [restartedMain] DEBUG o.m.s.b.a.MybatisAutoConfiguration$AutoConfiguredMapperScannerRegistrar [161]- Searching for mappers annotated with @Mapper'
17-09-26.14:02:23.430 [restartedMain] DEBUG o.m.s.b.a.MybatisAutoConfiguration$AutoConfiguredMapperScannerRegistrar [172]- Using auto-configuration base package 'com.ipaynow.operation_demo3'
17-09-26.14:02:23.476 [restartedMain] WARN  o.m.s.m.ClassPathMapperScanner [167]- No MyBatis mapper was found in '[com.ipaynow.operation_demo3]' package. Please check your configuration.
17-09-26.14:02:26.393 [restartedMain] DEBUG o.m.s.b.a.MybatisAutoConfiguration$MapperScannerRegistrarNotFoundConfiguration [209]- No org.mybatis.spring.mapper.MapperFactoryBean found.
17-09-26.14:02:26.411 [restartedMain] DEBUG o.a.i.l.LogFactory [135]- Logging initialized using 'class org.apache.ibatis.logging.slf4j.Slf4jImpl' adapter.
17-09-26.14:02:26.414 [restartedMain] DEBUG o.m.s.SqlSessionFactoryBean [411]- Property `configuration` or 'configLocation' not specified, using default MyBatis Configuration
17-09-26.14:02:26.443 [restartedMain] DEBUG o.m.s.SqlSessionFactoryBean [533]- Property 'mapperLocations' was not specified or no matching resources found
17-09-26.14:03:07.900 [restartedMain] DEBUG o.m.s.b.a.MybatisAutoConfiguration$AutoConfiguredMapperScannerRegistrar [161]- Searching for mappers annotated with @Mapper'
17-09-26.14:03:07.904 [restartedMain] DEBUG o.m.s.b.a.MybatisAutoConfiguration$AutoConfiguredMapperScannerRegistrar [172]- Using auto-configuration base package 'com.ipaynow.operation_demo3'
17-09-26.14:03:07.929 [restartedMain] WARN  o.m.s.m.ClassPathMapperScanner [167]- No MyBatis mapper was found in '[com.ipaynow.operation_demo3]' package. Please check your configuration.
17-09-26.14:03:09.456 [restartedMain] DEBUG o.m.s.b.a.MybatisAutoConfiguration$MapperScannerRegistrarNotFoundConfiguration [209]- No org.mybatis.spring.mapper.MapperFactoryBean found.
17-09-26.14:03:09.474 [restartedMain] DEBUG o.a.i.l.LogFactory [135]- Logging initialized using 'class org.apache.ibatis.logging.slf4j.Slf4jImpl' adapter.
17-09-26.14:03:09.476 [restartedMain] DEBUG o.m.s.SqlSessionFactoryBean [411]- Property `configuration` or 'configLocation' not specified, using default MyBatis Configuration
17-09-26.14:03:09.504 [restartedMain] DEBUG o.m.s.SqlSessionFactoryBean [533]- Property 'mapperLocations' was not specified or no matching resources found
17-09-26.14:03:24.176 [restartedMain] DEBUG o.m.s.b.a.MybatisAutoConfiguration$AutoConfiguredMapperScannerRegistrar [161]- Searching for mappers annotated with @Mapper'
17-09-26.14:03:24.178 [restartedMain] DEBUG o.m.s.b.a.MybatisAutoConfiguration$AutoConfiguredMapperScannerRegistrar [172]- Using auto-configuration base package 'com.ipaynow.operation_demo3'
17-09-26.14:03:24.192 [restartedMain] WARN  o.m.s.m.ClassPathMapperScanner [167]- No MyBatis mapper was found in '[com.ipaynow.operation_demo3]' package. Please check your configuration.
17-09-26.14:03:24.518 [restartedMain] DEBUG o.m.s.b.a.MybatisAutoConfiguration$MapperScannerRegistrarNotFoundConfiguration [209]- No org.mybatis.spring.mapper.MapperFactoryBean found.
17-09-26.14:03:24.525 [restartedMain] DEBUG o.m.s.SqlSessionFactoryBean [411]- Property `configuration` or 'configLocation' not specified, using default MyBatis Configuration
17-09-26.14:03:24.525 [restartedMain] DEBUG o.m.s.SqlSessionFactoryBean [533]- Property 'mapperLocations' was not specified or no matching resources found
17-09-26.14:03:49.912 [restartedMain] DEBUG o.m.s.b.a.MybatisAutoConfiguration$AutoConfiguredMapperScannerRegistrar [161]- Searching for mappers annotated with @Mapper'
17-09-26.14:03:49.914 [restartedMain] DEBUG o.m.s.b.a.MybatisAutoConfiguration$AutoConfiguredMapperScannerRegistrar [172]- Using auto-configuration base package 'com.ipaynow.operation_demo3'
17-09-26.14:03:49.936 [restartedMain] WARN  o.m.s.m.ClassPathMapperScanner [167]- No MyBatis mapper was found in '[com.ipaynow.operation_demo3]' package. Please check your configuration.
17-09-26.14:03:50.235 [restartedMain] DEBUG o.m.s.b.a.MybatisAutoConfiguration$MapperScannerRegistrarNotFoundConfiguration [209]- No org.mybatis.spring.mapper.MapperFactoryBean found.
17-09-26.14:03:50.241 [restartedMain] DEBUG o.m.s.SqlSessionFactoryBean [411]- Property `configuration` or 'configLocation' not specified, using default MyBatis Configuration
17-09-26.14:03:50.242 [restartedMain] DEBUG o.m.s.SqlSessionFactoryBean [533]- Property 'mapperLocations' was not specified or no matching resources found
17-09-26.14:03:52.253 [restartedMain] DEBUG o.m.s.b.a.MybatisAutoConfiguration$AutoConfiguredMapperScannerRegistrar [161]- Searching for mappers annotated with @Mapper'
17-09-26.14:03:52.254 [restartedMain] DEBUG o.m.s.b.a.MybatisAutoConfiguration$AutoConfiguredMapperScannerRegistrar [172]- Using auto-configuration base package 'com.ipaynow.operation_demo3'
17-09-26.14:03:52.267 [restartedMain] WARN  o.m.s.m.ClassPathMapperScanner [167]- No MyBatis mapper was found in '[com.ipaynow.operation_demo3]' package. Please check your configuration.
17-09-26.14:03:52.489 [restartedMain] DEBUG o.m.s.b.a.MybatisAutoConfiguration$MapperScannerRegistrarNotFoundConfiguration [209]- No org.mybatis.spring.mapper.MapperFactoryBean found.
17-09-26.14:03:52.495 [restartedMain] DEBUG o.m.s.SqlSessionFactoryBean [411]- Property `configuration` or 'configLocation' not specified, using default MyBatis Configuration
17-09-26.14:03:52.496 [restartedMain] DEBUG o.m.s.SqlSessionFactoryBean [533]- Property 'mapperLocations' was not specified or no matching resources found
17-09-26.14:04:21.593 [restartedMain] DEBUG o.m.s.b.a.MybatisAutoConfiguration$AutoConfiguredMapperScannerRegistrar [161]- Searching for mappers annotated with @Mapper'
17-09-26.14:04:21.594 [restartedMain] DEBUG o.m.s.b.a.MybatisAutoConfiguration$AutoConfiguredMapperScannerRegistrar [172]- Using auto-configuration base package 'com.ipaynow.operation_demo3'
17-09-26.14:04:21.617 [restartedMain] WARN  o.m.s.m.ClassPathMapperScanner [167]- No MyBatis mapper was found in '[com.ipaynow.operation_demo3]' package. Please check your configuration.
17-09-26.14:04:21.893 [restartedMain] DEBUG o.m.s.b.a.MybatisAutoConfiguration$MapperScannerRegistrarNotFoundConfiguration [209]- No org.mybatis.spring.mapper.MapperFactoryBean found.
17-09-26.14:04:21.899 [restartedMain] DEBUG o.m.s.SqlSessionFactoryBean [411]- Property `configuration` or 'configLocation' not specified, using default MyBatis Configuration
17-09-26.14:04:21.900 [restartedMain] DEBUG o.m.s.SqlSessionFactoryBean [533]- Property 'mapperLocations' was not specified or no matching resources found
17-09-26.14:04:23.953 [restartedMain] DEBUG o.m.s.b.a.MybatisAutoConfiguration$AutoConfiguredMapperScannerRegistrar [161]- Searching for mappers annotated with @Mapper'
17-09-26.14:04:23.954 [restartedMain] DEBUG o.m.s.b.a.MybatisAutoConfiguration$AutoConfiguredMapperScannerRegistrar [172]- Using auto-configuration base package 'com.ipaynow.operation_demo3'
17-09-26.14:04:23.967 [restartedMain] WARN  o.m.s.m.ClassPathMapperScanner [167]- No MyBatis mapper was found in '[com.ipaynow.operation_demo3]' package. Please check your configuration.
17-09-26.14:04:24.374 [restartedMain] DEBUG o.m.s.b.a.MybatisAutoConfiguration$MapperScannerRegistrarNotFoundConfiguration [209]- No org.mybatis.spring.mapper.MapperFactoryBean found.
17-09-26.14:04:24.381 [restartedMain] DEBUG o.m.s.SqlSessionFactoryBean [411]- Property `configuration` or 'configLocation' not specified, using default MyBatis Configuration
17-09-26.14:04:24.382 [restartedMain] DEBUG o.m.s.SqlSessionFactoryBean [533]- Property 'mapperLocations' was not specified or no matching resources found
17-09-26.14:04:33.593 [restartedMain] DEBUG o.m.s.b.a.MybatisAutoConfiguration$AutoConfiguredMapperScannerRegistrar [161]- Searching for mappers annotated with @Mapper'
17-09-26.14:04:33.594 [restartedMain] DEBUG o.m.s.b.a.MybatisAutoConfiguration$AutoConfiguredMapperScannerRegistrar [172]- Using auto-configuration base package 'com.ipaynow.operation_demo3'
17-09-26.14:04:33.605 [restartedMain] WARN  o.m.s.m.ClassPathMapperScanner [167]- No MyBatis mapper was found in '[com.ipaynow.operation_demo3]' package. Please check your configuration.
17-09-26.14:04:33.911 [restartedMain] DEBUG o.m.s.b.a.MybatisAutoConfiguration$MapperScannerRegistrarNotFoundConfiguration [209]- No org.mybatis.spring.mapper.MapperFactoryBean found.
17-09-26.14:04:33.916 [restartedMain] DEBUG o.m.s.SqlSessionFactoryBean [411]- Property `configuration` or 'configLocation' not specified, using default MyBatis Configuration
17-09-26.14:04:33.917 [restartedMain] DEBUG o.m.s.SqlSessionFactoryBean [533]- Property 'mapperLocations' was not specified or no matching resources found
17-09-26.14:08:10.074 [restartedMain] DEBUG o.m.s.b.a.MybatisAutoConfiguration$AutoConfiguredMapperScannerRegistrar [161]- Searching for mappers annotated with @Mapper'
17-09-26.14:08:10.080 [restartedMain] DEBUG o.m.s.b.a.MybatisAutoConfiguration$AutoConfiguredMapperScannerRegistrar [172]- Using auto-configuration base package 'com.ipaynow.operation_demo3'
17-09-26.14:08:10.121 [restartedMain] WARN  o.m.s.m.ClassPathMapperScanner [167]- No MyBatis mapper was found in '[com.ipaynow.operation_demo3]' package. Please check your configuration.
17-09-26.14:08:11.714 [restartedMain] DEBUG o.m.s.b.a.MybatisAutoConfiguration$MapperScannerRegistrarNotFoundConfiguration [209]- No org.mybatis.spring.mapper.MapperFactoryBean found.
17-09-26.14:08:11.733 [restartedMain] DEBUG o.a.i.l.LogFactory [135]- Logging initialized using 'class org.apache.ibatis.logging.slf4j.Slf4jImpl' adapter.
17-09-26.14:08:11.735 [restartedMain] DEBUG o.m.s.SqlSessionFactoryBean [411]- Property `configuration` or 'configLocation' not specified, using default MyBatis Configuration
17-09-26.14:08:11.763 [restartedMain] DEBUG o.m.s.SqlSessionFactoryBean [533]- Property 'mapperLocations' was not specified or no matching resources found
17-09-26.14:09:40.356 [restartedMain] DEBUG o.m.s.b.a.MybatisAutoConfiguration$AutoConfiguredMapperScannerRegistrar [161]- Searching for mappers annotated with @Mapper'
17-09-26.14:09:40.360 [restartedMain] DEBUG o.m.s.b.a.MybatisAutoConfiguration$AutoConfiguredMapperScannerRegistrar [172]- Using auto-configuration base package 'com.ipaynow.operation_demo3'
17-09-26.14:09:40.398 [restartedMain] WARN  o.m.s.m.ClassPathMapperScanner [167]- No MyBatis mapper was found in '[com.ipaynow.operation_demo3]' package. Please check your configuration.
17-09-26.14:09:42.219 [restartedMain] DEBUG o.m.s.b.a.MybatisAutoConfiguration$MapperScannerRegistrarNotFoundConfiguration [209]- No org.mybatis.spring.mapper.MapperFactoryBean found.
17-09-26.14:09:42.237 [restartedMain] DEBUG o.a.i.l.LogFactory [135]- Logging initialized using 'class org.apache.ibatis.logging.slf4j.Slf4jImpl' adapter.
17-09-26.14:09:42.240 [restartedMain] DEBUG o.m.s.SqlSessionFactoryBean [411]- Property `configuration` or 'configLocation' not specified, using default MyBatis Configuration
17-09-26.14:09:42.276 [restartedMain] DEBUG o.m.s.SqlSessionFactoryBean [533]- Property 'mapperLocations' was not specified or no matching resources found
17-09-26.14:09:51.892 [restartedMain] DEBUG o.m.s.b.a.MybatisAutoConfiguration$AutoConfiguredMapperScannerRegistrar [161]- Searching for mappers annotated with @Mapper'
17-09-26.14:09:51.893 [restartedMain] DEBUG o.m.s.b.a.MybatisAutoConfiguration$AutoConfiguredMapperScannerRegistrar [172]- Using auto-configuration base package 'com.ipaynow.operation_demo3'
17-09-26.14:09:51.907 [restartedMain] WARN  o.m.s.m.ClassPathMapperScanner [167]- No MyBatis mapper was found in '[com.ipaynow.operation_demo3]' package. Please check your configuration.
17-09-26.14:09:52.291 [restartedMain] DEBUG o.m.s.b.a.MybatisAutoConfiguration$MapperScannerRegistrarNotFoundConfiguration [209]- No org.mybatis.spring.mapper.MapperFactoryBean found.
17-09-26.14:09:52.299 [restartedMain] DEBUG o.m.s.SqlSessionFactoryBean [411]- Property `configuration` or 'configLocation' not specified, using default MyBatis Configuration
17-09-26.14:09:52.300 [restartedMain] DEBUG o.m.s.SqlSessionFactoryBean [533]- Property 'mapperLocations' was not specified or no matching resources found
17-09-26.14:10:05.619 [restartedMain] DEBUG o.m.s.b.a.MybatisAutoConfiguration$AutoConfiguredMapperScannerRegistrar [161]- Searching for mappers annotated with @Mapper'
17-09-26.14:10:05.620 [restartedMain] DEBUG o.m.s.b.a.MybatisAutoConfiguration$AutoConfiguredMapperScannerRegistrar [172]- Using auto-configuration base package 'com.ipaynow.operation_demo3'
17-09-26.14:10:05.639 [restartedMain] WARN  o.m.s.m.ClassPathMapperScanner [167]- No MyBatis mapper was found in '[com.ipaynow.operation_demo3]' package. Please check your configuration.
17-09-26.14:10:05.983 [restartedMain] DEBUG o.m.s.b.a.MybatisAutoConfiguration$MapperScannerRegistrarNotFoundConfiguration [209]- No org.mybatis.spring.mapper.MapperFactoryBean found.
17-09-26.14:10:05.992 [restartedMain] DEBUG o.m.s.SqlSessionFactoryBean [411]- Property `configuration` or 'configLocation' not specified, using default MyBatis Configuration
17-09-26.14:10:05.993 [restartedMain] DEBUG o.m.s.SqlSessionFactoryBean [533]- Property 'mapperLocations' was not specified or no matching resources found
17-09-26.14:10:08.286 [restartedMain] DEBUG o.m.s.b.a.MybatisAutoConfiguration$AutoConfiguredMapperScannerRegistrar [161]- Searching for mappers annotated with @Mapper'
17-09-26.14:10:08.287 [restartedMain] DEBUG o.m.s.b.a.MybatisAutoConfiguration$AutoConfiguredMapperScannerRegistrar [172]- Using auto-configuration base package 'com.ipaynow.operation_demo3'
17-09-26.14:10:08.300 [restartedMain] WARN  o.m.s.m.ClassPathMapperScanner [167]- No MyBatis mapper was found in '[com.ipaynow.operation_demo3]' package. Please check your configuration.
17-09-26.14:10:08.527 [restartedMain] DEBUG o.m.s.b.a.MybatisAutoConfiguration$MapperScannerRegistrarNotFoundConfiguration [209]- No org.mybatis.spring.mapper.MapperFactoryBean found.
17-09-26.14:10:08.533 [restartedMain] DEBUG o.m.s.SqlSessionFactoryBean [411]- Property `configuration` or 'configLocation' not specified, using default MyBatis Configuration
17-09-26.14:10:08.534 [restartedMain] DEBUG o.m.s.SqlSessionFactoryBean [533]- Property 'mapperLocations' was not specified or no matching resources found
17-09-26.14:13:07.569 [restartedMain] DEBUG o.m.s.b.a.MybatisAutoConfiguration$AutoConfiguredMapperScannerRegistrar [161]- Searching for mappers annotated with @Mapper'
17-09-26.14:13:07.570 [restartedMain] DEBUG o.m.s.b.a.MybatisAutoConfiguration$AutoConfiguredMapperScannerRegistrar [172]- Using auto-configuration base package 'com.ipaynow.operation_demo3'
17-09-26.14:13:07.582 [restartedMain] WARN  o.m.s.m.ClassPathMapperScanner [167]- No MyBatis mapper was found in '[com.ipaynow.operation_demo3]' package. Please check your configuration.
17-09-26.14:13:07.850 [restartedMain] DEBUG o.m.s.b.a.MybatisAutoConfiguration$MapperScannerRegistrarNotFoundConfiguration [209]- No org.mybatis.spring.mapper.MapperFactoryBean found.
17-09-26.14:13:07.855 [restartedMain] DEBUG o.m.s.SqlSessionFactoryBean [411]- Property `configuration` or 'configLocation' not specified, using default MyBatis Configuration
17-09-26.14:13:07.856 [restartedMain] DEBUG o.m.s.SqlSessionFactoryBean [533]- Property 'mapperLocations' was not specified or no matching resources found
17-09-26.14:17:20.913 [restartedMain] DEBUG o.m.s.b.a.MybatisAutoConfiguration$AutoConfiguredMapperScannerRegistrar [161]- Searching for mappers annotated with @Mapper'
17-09-26.14:17:20.919 [restartedMain] DEBUG o.m.s.b.a.MybatisAutoConfiguration$AutoConfiguredMapperScannerRegistrar [172]- Using auto-configuration base package 'com.ipaynow.operation_demo3'
17-09-26.14:17:21.058 [restartedMain] WARN  o.m.s.m.ClassPathMapperScanner [167]- No MyBatis mapper was found in '[com.ipaynow.operation_demo3]' package. Please check your configuration.
17-09-26.14:17:23.264 [restartedMain] DEBUG o.m.s.b.a.MybatisAutoConfiguration$MapperScannerRegistrarNotFoundConfiguration [209]- No org.mybatis.spring.mapper.MapperFactoryBean found.
17-09-26.14:17:23.283 [restartedMain] DEBUG o.a.i.l.LogFactory [135]- Logging initialized using 'class org.apache.ibatis.logging.slf4j.Slf4jImpl' adapter.
17-09-26.14:17:23.285 [restartedMain] DEBUG o.m.s.SqlSessionFactoryBean [411]- Property `configuration` or 'configLocation' not specified, using default MyBatis Configuration
17-09-26.14:17:23.314 [restartedMain] DEBUG o.m.s.SqlSessionFactoryBean [533]- Property 'mapperLocations' was not specified or no matching resources found
17-09-26.14:18:00.260 [restartedMain] DEBUG o.m.s.b.a.MybatisAutoConfiguration$AutoConfiguredMapperScannerRegistrar [161]- Searching for mappers annotated with @Mapper'
17-09-26.14:18:00.265 [restartedMain] DEBUG o.m.s.b.a.MybatisAutoConfiguration$AutoConfiguredMapperScannerRegistrar [172]- Using auto-configuration base package 'com.ipaynow.operation_demo3'
17-09-26.14:18:00.343 [restartedMain] WARN  o.m.s.m.ClassPathMapperScanner [167]- No MyBatis mapper was found in '[com.ipaynow.operation_demo3]' package. Please check your configuration.
17-09-26.14:18:01.911 [restartedMain] DEBUG o.m.s.b.a.MybatisAutoConfiguration$MapperScannerRegistrarNotFoundConfiguration [209]- No org.mybatis.spring.mapper.MapperFactoryBean found.
17-09-26.14:18:01.939 [restartedMain] DEBUG o.a.i.l.LogFactory [135]- Logging initialized using 'class org.apache.ibatis.logging.slf4j.Slf4jImpl' adapter.
17-09-26.14:18:01.942 [restartedMain] DEBUG o.m.s.SqlSessionFactoryBean [411]- Property `configuration` or 'configLocation' not specified, using default MyBatis Configuration
17-09-26.14:18:01.970 [restartedMain] DEBUG o.m.s.SqlSessionFactoryBean [533]- Property 'mapperLocations' was not specified or no matching resources found
17-09-26.14:18:46.982 [restartedMain] DEBUG o.m.s.b.a.MybatisAutoConfiguration$AutoConfiguredMapperScannerRegistrar [161]- Searching for mappers annotated with @Mapper'
17-09-26.14:18:46.983 [restartedMain] DEBUG o.m.s.b.a.MybatisAutoConfiguration$AutoConfiguredMapperScannerRegistrar [172]- Using auto-configuration base package 'com.ipaynow.operation_demo3'
17-09-26.14:18:46.996 [restartedMain] WARN  o.m.s.m.ClassPathMapperScanner [167]- No MyBatis mapper was found in '[com.ipaynow.operation_demo3]' package. Please check your configuration.
17-09-26.14:18:47.283 [restartedMain] DEBUG o.m.s.b.a.MybatisAutoConfiguration$MapperScannerRegistrarNotFoundConfiguration [209]- No org.mybatis.spring.mapper.MapperFactoryBean found.
17-09-26.14:18:47.289 [restartedMain] DEBUG o.m.s.SqlSessionFactoryBean [411]- Property `configuration` or 'configLocation' not specified, using default MyBatis Configuration
17-09-26.14:18:47.290 [restartedMain] DEBUG o.m.s.SqlSessionFactoryBean [533]- Property 'mapperLocations' was not specified or no matching resources found
17-09-26.14:19:02.829 [restartedMain] DEBUG o.m.s.b.a.MybatisAutoConfiguration$AutoConfiguredMapperScannerRegistrar [161]- Searching for mappers annotated with @Mapper'
17-09-26.14:19:02.830 [restartedMain] DEBUG o.m.s.b.a.MybatisAutoConfiguration$AutoConfiguredMapperScannerRegistrar [172]- Using auto-configuration base package 'com.ipaynow.operation_demo3'
17-09-26.14:19:02.843 [restartedMain] WARN  o.m.s.m.ClassPathMapperScanner [167]- No MyBatis mapper was found in '[com.ipaynow.operation_demo3]' package. Please check your configuration.
17-09-26.14:19:03.201 [restartedMain] DEBUG o.m.s.b.a.MybatisAutoConfiguration$MapperScannerRegistrarNotFoundConfiguration [209]- No org.mybatis.spring.mapper.MapperFactoryBean found.
17-09-26.14:19:03.209 [restartedMain] DEBUG o.m.s.SqlSessionFactoryBean [411]- Property `configuration` or 'configLocation' not specified, using default MyBatis Configuration
17-09-26.14:19:03.210 [restartedMain] DEBUG o.m.s.SqlSessionFactoryBean [533]- Property 'mapperLocations' was not specified or no matching resources found
17-09-26.14:19:08.367 [restartedMain] DEBUG o.m.s.b.a.MybatisAutoConfiguration$AutoConfiguredMapperScannerRegistrar [161]- Searching for mappers annotated with @Mapper'
17-09-26.14:19:08.368 [restartedMain] DEBUG o.m.s.b.a.MybatisAutoConfiguration$AutoConfiguredMapperScannerRegistrar [172]- Using auto-configuration base package 'com.ipaynow.operation_demo3'
17-09-26.14:19:08.379 [restartedMain] WARN  o.m.s.m.ClassPathMapperScanner [167]- No MyBatis mapper was found in '[com.ipaynow.operation_demo3]' package. Please check your configuration.
17-09-26.14:19:08.648 [restartedMain] DEBUG o.m.s.b.a.MybatisAutoConfiguration$MapperScannerRegistrarNotFoundConfiguration [209]- No org.mybatis.spring.mapper.MapperFactoryBean found.
17-09-26.14:19:08.655 [restartedMain] DEBUG o.m.s.SqlSessionFactoryBean [411]- Property `configuration` or 'configLocation' not specified, using default MyBatis Configuration
17-09-26.14:19:08.656 [restartedMain] DEBUG o.m.s.SqlSessionFactoryBean [533]- Property 'mapperLocations' was not specified or no matching resources found
17-09-26.14:19:37.103 [restartedMain] DEBUG o.m.s.b.a.MybatisAutoConfiguration$AutoConfiguredMapperScannerRegistrar [161]- Searching for mappers annotated with @Mapper'
17-09-26.14:19:37.106 [restartedMain] DEBUG o.m.s.b.a.MybatisAutoConfiguration$AutoConfiguredMapperScannerRegistrar [172]- Using auto-configuration base package 'com.study.yfz'
17-09-26.14:19:37.110 [restartedMain] WARN  o.m.s.m.ClassPathMapperScanner [167]- No MyBatis mapper was found in '[com.study.yfz]' package. Please check your configuration.
17-09-26.14:20:07.787 [restartedMain] DEBUG o.m.s.b.a.MybatisAutoConfiguration$AutoConfiguredMapperScannerRegistrar [161]- Searching for mappers annotated with @Mapper'
17-09-26.14:20:07.789 [restartedMain] DEBUG o.m.s.b.a.MybatisAutoConfiguration$AutoConfiguredMapperScannerRegistrar [172]- Using auto-configuration base package 'com.study.yfz'
17-09-26.14:20:07.792 [restartedMain] WARN  o.m.s.m.ClassPathMapperScanner [167]- No MyBatis mapper was found in '[com.study.yfz]' package. Please check your configuration.
17-09-26.14:20:09.889 [restartedMain] DEBUG o.m.s.b.a.MybatisAutoConfiguration$MapperScannerRegistrarNotFoundConfiguration [209]- No org.mybatis.spring.mapper.MapperFactoryBean found.
17-09-26.14:20:09.909 [restartedMain] DEBUG o.a.i.l.LogFactory [135]- Logging initialized using 'class org.apache.ibatis.logging.slf4j.Slf4jImpl' adapter.
17-09-26.14:20:09.911 [restartedMain] DEBUG o.m.s.SqlSessionFactoryBean [411]- Property `configuration` or 'configLocation' not specified, using default MyBatis Configuration
17-09-26.14:20:09.939 [restartedMain] DEBUG o.m.s.SqlSessionFactoryBean [533]- Property 'mapperLocations' was not specified or no matching resources found
17-09-26.14:20:25.850 [restartedMain] DEBUG o.m.s.b.a.MybatisAutoConfiguration$AutoConfiguredMapperScannerRegistrar [161]- Searching for mappers annotated with @Mapper'
17-09-26.14:20:25.851 [restartedMain] DEBUG o.m.s.b.a.MybatisAutoConfiguration$AutoConfiguredMapperScannerRegistrar [172]- Using auto-configuration base package 'com.study.yfz'
17-09-26.14:20:25.854 [restartedMain] WARN  o.m.s.m.ClassPathMapperScanner [167]- No MyBatis mapper was found in '[com.study.yfz]' package. Please check your configuration.
17-09-26.14:20:26.214 [restartedMain] DEBUG o.m.s.b.a.MybatisAutoConfiguration$MapperScannerRegistrarNotFoundConfiguration [209]- No org.mybatis.spring.mapper.MapperFactoryBean found.
17-09-26.14:20:26.222 [restartedMain] DEBUG o.m.s.SqlSessionFactoryBean [411]- Property `configuration` or 'configLocation' not specified, using default MyBatis Configuration
17-09-26.14:20:26.223 [restartedMain] DEBUG o.m.s.SqlSessionFactoryBean [533]- Property 'mapperLocations' was not specified or no matching resources found
17-09-26.14:23:25.235 [restartedMain] DEBUG o.m.s.b.a.MybatisAutoConfiguration$AutoConfiguredMapperScannerRegistrar [161]- Searching for mappers annotated with @Mapper'
17-09-26.14:23:25.237 [restartedMain] DEBUG o.m.s.b.a.MybatisAutoConfiguration$AutoConfiguredMapperScannerRegistrar [172]- Using auto-configuration base package 'com.study.yfz'
17-09-26.14:23:25.240 [restartedMain] WARN  o.m.s.m.ClassPathMapperScanner [167]- No MyBatis mapper was found in '[com.study.yfz]' package. Please check your configuration.
17-09-26.14:23:26.921 [restartedMain] DEBUG o.m.s.b.a.MybatisAutoConfiguration$MapperScannerRegistrarNotFoundConfiguration [209]- No org.mybatis.spring.mapper.MapperFactoryBean found.
17-09-26.14:23:26.941 [restartedMain] DEBUG o.a.i.l.LogFactory [135]- Logging initialized using 'class org.apache.ibatis.logging.slf4j.Slf4jImpl' adapter.
17-09-26.14:23:26.944 [restartedMain] DEBUG o.m.s.SqlSessionFactoryBean [411]- Property `configuration` or 'configLocation' not specified, using default MyBatis Configuration
17-09-26.14:23:26.973 [restartedMain] DEBUG o.m.s.SqlSessionFactoryBean [533]- Property 'mapperLocations' was not specified or no matching resources found
17-09-26.14:25:48.534 [restartedMain] DEBUG o.m.s.b.a.MybatisAutoConfiguration$AutoConfiguredMapperScannerRegistrar [161]- Searching for mappers annotated with @Mapper'
17-09-26.14:25:48.537 [restartedMain] DEBUG o.m.s.b.a.MybatisAutoConfiguration$AutoConfiguredMapperScannerRegistrar [172]- Using auto-configuration base package 'com.study.yfz'
17-09-26.14:25:48.538 [restartedMain] WARN  o.m.s.m.ClassPathMapperScanner [167]- No MyBatis mapper was found in '[com.study.yfz]' package. Please check your configuration.
17-09-26.14:25:49.047 [restartedMain] DEBUG o.m.s.b.a.MybatisAutoConfiguration$MapperScannerRegistrarNotFoundConfiguration [209]- No org.mybatis.spring.mapper.MapperFactoryBean found.
17-09-26.14:25:49.058 [restartedMain] DEBUG o.m.s.SqlSessionFactoryBean [411]- Property `configuration` or 'configLocation' not specified, using default MyBatis Configuration
17-09-26.14:25:49.061 [restartedMain] DEBUG o.m.s.SqlSessionFactoryBean [533]- Property 'mapperLocations' was not specified or no matching resources found
17-09-26.14:27:03.191 [restartedMain] DEBUG o.m.s.b.a.MybatisAutoConfiguration$AutoConfiguredMapperScannerRegistrar [161]- Searching for mappers annotated with @Mapper'
17-09-26.14:27:03.193 [restartedMain] DEBUG o.m.s.b.a.MybatisAutoConfiguration$AutoConfiguredMapperScannerRegistrar [172]- Using auto-configuration base package 'com.study.yfz'
17-09-26.14:27:03.196 [restartedMain] WARN  o.m.s.m.ClassPathMapperScanner [167]- No MyBatis mapper was found in '[com.study.yfz]' package. Please check your configuration.
17-09-26.14:27:04.732 [restartedMain] DEBUG o.m.s.b.a.MybatisAutoConfiguration$MapperScannerRegistrarNotFoundConfiguration [209]- No org.mybatis.spring.mapper.MapperFactoryBean found.
17-09-26.14:27:04.752 [restartedMain] DEBUG o.a.i.l.LogFactory [135]- Logging initialized using 'class org.apache.ibatis.logging.slf4j.Slf4jImpl' adapter.
17-09-26.14:27:04.754 [restartedMain] DEBUG o.m.s.SqlSessionFactoryBean [411]- Property `configuration` or 'configLocation' not specified, using default MyBatis Configuration
17-09-26.14:27:04.784 [restartedMain] DEBUG o.m.s.SqlSessionFactoryBean [533]- Property 'mapperLocations' was not specified or no matching resources found
17-09-26.14:27:20.432 [restartedMain] DEBUG o.m.s.b.a.MybatisAutoConfiguration$AutoConfiguredMapperScannerRegistrar [161]- Searching for mappers annotated with @Mapper'
17-09-26.14:27:20.434 [restartedMain] DEBUG o.m.s.b.a.MybatisAutoConfiguration$AutoConfiguredMapperScannerRegistrar [172]- Using auto-configuration base package 'com.study.yfz'
17-09-26.14:27:20.440 [restartedMain] WARN  o.m.s.m.ClassPathMapperScanner [167]- No MyBatis mapper was found in '[com.study.yfz]' package. Please check your configuration.
17-09-26.14:27:20.811 [restartedMain] DEBUG o.m.s.b.a.MybatisAutoConfiguration$MapperScannerRegistrarNotFoundConfiguration [209]- No org.mybatis.spring.mapper.MapperFactoryBean found.
17-09-26.14:27:20.818 [restartedMain] DEBUG o.m.s.SqlSessionFactoryBean [411]- Property `configuration` or 'configLocation' not specified, using default MyBatis Configuration
17-09-26.14:27:20.818 [restartedMain] DEBUG o.m.s.SqlSessionFactoryBean [533]- Property 'mapperLocations' was not specified or no matching resources found
17-09-26.14:31:36.197 [restartedMain] DEBUG o.m.s.b.a.MybatisAutoConfiguration$AutoConfiguredMapperScannerRegistrar [161]- Searching for mappers annotated with @Mapper'
17-09-26.14:31:36.199 [restartedMain] DEBUG o.m.s.b.a.MybatisAutoConfiguration$AutoConfiguredMapperScannerRegistrar [172]- Using auto-configuration base package 'com.study.yfz'
17-09-26.14:31:36.202 [restartedMain] WARN  o.m.s.m.ClassPathMapperScanner [167]- No MyBatis mapper was found in '[com.study.yfz]' package. Please check your configuration.
17-09-26.14:31:37.729 [restartedMain] DEBUG o.m.s.b.a.MybatisAutoConfiguration$MapperScannerRegistrarNotFoundConfiguration [209]- No org.mybatis.spring.mapper.MapperFactoryBean found.
17-09-26.14:31:37.747 [restartedMain] DEBUG o.a.i.l.LogFactory [135]- Logging initialized using 'class org.apache.ibatis.logging.slf4j.Slf4jImpl' adapter.
17-09-26.14:31:37.750 [restartedMain] DEBUG o.m.s.SqlSessionFactoryBean [411]- Property `configuration` or 'configLocation' not specified, using default MyBatis Configuration
17-09-26.14:31:37.777 [restartedMain] DEBUG o.m.s.SqlSessionFactoryBean [533]- Property 'mapperLocations' was not specified or no matching resources found
17-09-26.14:32:02.648 [restartedMain] DEBUG o.m.s.b.a.MybatisAutoConfiguration$AutoConfiguredMapperScannerRegistrar [161]- Searching for mappers annotated with @Mapper'
17-09-26.14:32:02.649 [restartedMain] DEBUG o.m.s.b.a.MybatisAutoConfiguration$AutoConfiguredMapperScannerRegistrar [172]- Using auto-configuration base package 'com.study.yfz'
17-09-26.14:32:02.652 [restartedMain] WARN  o.m.s.m.ClassPathMapperScanner [167]- No MyBatis mapper was found in '[com.study.yfz]' package. Please check your configuration.
17-09-26.14:32:03.097 [restartedMain] DEBUG o.m.s.b.a.MybatisAutoConfiguration$MapperScannerRegistrarNotFoundConfiguration [209]- No org.mybatis.spring.mapper.MapperFactoryBean found.
17-09-26.14:32:03.105 [restartedMain] DEBUG o.m.s.SqlSessionFactoryBean [411]- Property `configuration` or 'configLocation' not specified, using default MyBatis Configuration
17-09-26.14:32:03.106 [restartedMain] DEBUG o.m.s.SqlSessionFactoryBean [533]- Property 'mapperLocations' was not specified or no matching resources found
17-09-26.14:33:10.520 [restartedMain] DEBUG o.m.s.b.a.MybatisAutoConfiguration$AutoConfiguredMapperScannerRegistrar [161]- Searching for mappers annotated with @Mapper'
17-09-26.14:33:10.524 [restartedMain] DEBUG o.m.s.b.a.MybatisAutoConfiguration$AutoConfiguredMapperScannerRegistrar [172]- Using auto-configuration base package 'com.ipaynow.operation_demo3'
17-09-26.14:33:10.567 [restartedMain] WARN  o.m.s.m.ClassPathMapperScanner [167]- No MyBatis mapper was found in '[com.ipaynow.operation_demo3]' package. Please check your configuration.
17-09-26.14:33:12.163 [restartedMain] DEBUG o.m.s.b.a.MybatisAutoConfiguration$MapperScannerRegistrarNotFoundConfiguration [209]- No org.mybatis.spring.mapper.MapperFactoryBean found.
17-09-26.14:33:12.182 [restartedMain] DEBUG o.a.i.l.LogFactory [135]- Logging initialized using 'class org.apache.ibatis.logging.slf4j.Slf4jImpl' adapter.
17-09-26.14:33:12.184 [restartedMain] DEBUG o.m.s.SqlSessionFactoryBean [411]- Property `configuration` or 'configLocation' not specified, using default MyBatis Configuration
17-09-26.14:33:12.213 [restartedMain] DEBUG o.m.s.SqlSessionFactoryBean [533]- Property 'mapperLocations' was not specified or no matching resources found
17-09-26.14:33:20.969 [restartedMain] DEBUG o.m.s.b.a.MybatisAutoConfiguration$AutoConfiguredMapperScannerRegistrar [161]- Searching for mappers annotated with @Mapper'
17-09-26.14:33:20.970 [restartedMain] DEBUG o.m.s.b.a.MybatisAutoConfiguration$AutoConfiguredMapperScannerRegistrar [172]- Using auto-configuration base package 'com.ipaynow.operation_demo3'
17-09-26.14:33:20.983 [restartedMain] WARN  o.m.s.m.ClassPathMapperScanner [167]- No MyBatis mapper was found in '[com.ipaynow.operation_demo3]' package. Please check your configuration.
17-09-26.14:33:21.376 [restartedMain] DEBUG o.m.s.b.a.MybatisAutoConfiguration$MapperScannerRegistrarNotFoundConfiguration [209]- No org.mybatis.spring.mapper.MapperFactoryBean found.
17-09-26.14:33:21.383 [restartedMain] DEBUG o.m.s.SqlSessionFactoryBean [411]- Property `configuration` or 'configLocation' not specified, using default MyBatis Configuration
17-09-26.14:33:21.384 [restartedMain] DEBUG o.m.s.SqlSessionFactoryBean [533]- Property 'mapperLocations' was not specified or no matching resources found
17-09-26.14:34:44.036 [restartedMain] DEBUG o.m.s.b.a.MybatisAutoConfiguration$AutoConfiguredMapperScannerRegistrar [161]- Searching for mappers annotated with @Mapper'
17-09-26.14:34:44.038 [restartedMain] DEBUG o.m.s.b.a.MybatisAutoConfiguration$AutoConfiguredMapperScannerRegistrar [172]- Using auto-configuration base package 'com.study.yfz'
17-09-26.14:34:44.081 [restartedMain] WARN  o.m.s.m.ClassPathMapperScanner [167]- No MyBatis mapper was found in '[com.study.yfz]' package. Please check your configuration.
17-09-26.14:34:45.639 [restartedMain] DEBUG o.m.s.b.a.MybatisAutoConfiguration$MapperScannerRegistrarNotFoundConfiguration [209]- No org.mybatis.spring.mapper.MapperFactoryBean found.
17-09-26.14:34:45.658 [restartedMain] DEBUG o.a.i.l.LogFactory [135]- Logging initialized using 'class org.apache.ibatis.logging.slf4j.Slf4jImpl' adapter.
17-09-26.14:34:45.661 [restartedMain] DEBUG o.m.s.SqlSessionFactoryBean [411]- Property `configuration` or 'configLocation' not specified, using default MyBatis Configuration
17-09-26.14:34:45.689 [restartedMain] DEBUG o.m.s.SqlSessionFactoryBean [533]- Property 'mapperLocations' was not specified or no matching resources found
17-09-26.14:35:30.858 [restartedMain] DEBUG o.m.s.b.a.MybatisAutoConfiguration$AutoConfiguredMapperScannerRegistrar [161]- Searching for mappers annotated with @Mapper'
17-09-26.14:35:30.859 [restartedMain] DEBUG o.m.s.b.a.MybatisAutoConfiguration$AutoConfiguredMapperScannerRegistrar [172]- Using auto-configuration base package 'com.study.yfz'
17-09-26.14:35:30.872 [restartedMain] WARN  o.m.s.m.ClassPathMapperScanner [167]- No MyBatis mapper was found in '[com.study.yfz]' package. Please check your configuration.
17-09-26.14:35:31.234 [restartedMain] DEBUG o.m.s.b.a.MybatisAutoConfiguration$MapperScannerRegistrarNotFoundConfiguration [209]- No org.mybatis.spring.mapper.MapperFactoryBean found.
17-09-26.14:35:31.244 [restartedMain] DEBUG o.m.s.SqlSessionFactoryBean [411]- Property `configuration` or 'configLocation' not specified, using default MyBatis Configuration
17-09-26.14:35:31.245 [restartedMain] DEBUG o.m.s.SqlSessionFactoryBean [533]- Property 'mapperLocations' was not specified or no matching resources found
17-09-26.14:35:34.921 [restartedMain] DEBUG o.m.s.b.a.MybatisAutoConfiguration$AutoConfiguredMapperScannerRegistrar [161]- Searching for mappers annotated with @Mapper'
17-09-26.14:35:34.922 [restartedMain] DEBUG o.m.s.b.a.MybatisAutoConfiguration$AutoConfiguredMapperScannerRegistrar [172]- Using auto-configuration base package 'com.study.yfz'
17-09-26.14:35:34.939 [restartedMain] WARN  o.m.s.m.ClassPathMapperScanner [167]- No MyBatis mapper was found in '[com.study.yfz]' package. Please check your configuration.
17-09-26.14:35:35.556 [restartedMain] DEBUG o.m.s.b.a.MybatisAutoConfiguration$MapperScannerRegistrarNotFoundConfiguration [209]- No org.mybatis.spring.mapper.MapperFactoryBean found.
17-09-26.14:35:35.563 [restartedMain] DEBUG o.m.s.SqlSessionFactoryBean [411]- Property `configuration` or 'configLocation' not specified, using default MyBatis Configuration
17-09-26.14:35:35.564 [restartedMain] DEBUG o.m.s.SqlSessionFactoryBean [533]- Property 'mapperLocations' was not specified or no matching resources found
17-09-26.14:36:08.916 [restartedMain] DEBUG o.m.s.b.a.MybatisAutoConfiguration$AutoConfiguredMapperScannerRegistrar [161]- Searching for mappers annotated with @Mapper'
17-09-26.14:36:08.917 [restartedMain] DEBUG o.m.s.b.a.MybatisAutoConfiguration$AutoConfiguredMapperScannerRegistrar [172]- Using auto-configuration base package 'com.study.yfz'
17-09-26.14:36:08.929 [restartedMain] WARN  o.m.s.m.ClassPathMapperScanner [167]- No MyBatis mapper was found in '[com.study.yfz]' package. Please check your configuration.
17-09-26.14:36:09.232 [restartedMain] DEBUG o.m.s.b.a.MybatisAutoConfiguration$MapperScannerRegistrarNotFoundConfiguration [209]- No org.mybatis.spring.mapper.MapperFactoryBean found.
17-09-26.14:36:09.240 [restartedMain] DEBUG o.m.s.SqlSessionFactoryBean [411]- Property `configuration` or 'configLocation' not specified, using default MyBatis Configuration
17-09-26.14:36:09.241 [restartedMain] DEBUG o.m.s.SqlSessionFactoryBean [533]- Property 'mapperLocations' was not specified or no matching resources found
17-09-26.14:37:08.514 [restartedMain] DEBUG o.m.s.b.a.MybatisAutoConfiguration$AutoConfiguredMapperScannerRegistrar [161]- Searching for mappers annotated with @Mapper'
17-09-26.14:37:08.515 [restartedMain] DEBUG o.m.s.b.a.MybatisAutoConfiguration$AutoConfiguredMapperScannerRegistrar [172]- Using auto-configuration base package 'com.study.yfz'
17-09-26.14:37:08.528 [restartedMain] WARN  o.m.s.m.ClassPathMapperScanner [167]- No MyBatis mapper was found in '[com.study.yfz]' package. Please check your configuration.
17-09-26.14:37:08.744 [restartedMain] DEBUG o.m.s.b.a.MybatisAutoConfiguration$MapperScannerRegistrarNotFoundConfiguration [209]- No org.mybatis.spring.mapper.MapperFactoryBean found.
17-09-26.14:37:08.749 [restartedMain] DEBUG o.m.s.SqlSessionFactoryBean [411]- Property `configuration` or 'configLocation' not specified, using default MyBatis Configuration
17-09-26.14:37:08.749 [restartedMain] DEBUG o.m.s.SqlSessionFactoryBean [533]- Property 'mapperLocations' was not specified or no matching resources found
17-09-26.14:37:11.000 [restartedMain] DEBUG o.m.s.b.a.MybatisAutoConfiguration$AutoConfiguredMapperScannerRegistrar [161]- Searching for mappers annotated with @Mapper'
17-09-26.14:37:11.001 [restartedMain] DEBUG o.m.s.b.a.MybatisAutoConfiguration$AutoConfiguredMapperScannerRegistrar [172]- Using auto-configuration base package 'com.study.yfz'
17-09-26.14:37:11.020 [restartedMain] WARN  o.m.s.m.ClassPathMapperScanner [167]- No MyBatis mapper was found in '[com.study.yfz]' package. Please check your configuration.
17-09-26.14:37:11.903 [restartedMain] DEBUG o.m.s.b.a.MybatisAutoConfiguration$MapperScannerRegistrarNotFoundConfiguration [209]- No org.mybatis.spring.mapper.MapperFactoryBean found.
17-09-26.14:37:11.914 [restartedMain] DEBUG o.m.s.SqlSessionFactoryBean [411]- Property `configuration` or 'configLocation' not specified, using default MyBatis Configuration
17-09-26.14:37:11.915 [restartedMain] DEBUG o.m.s.SqlSessionFactoryBean [533]- Property 'mapperLocations' was not specified or no matching resources found
17-09-26.14:37:14.598 [restartedMain] DEBUG o.m.s.b.a.MybatisAutoConfiguration$AutoConfiguredMapperScannerRegistrar [161]- Searching for mappers annotated with @Mapper'
17-09-26.14:37:14.599 [restartedMain] DEBUG o.m.s.b.a.MybatisAutoConfiguration$AutoConfiguredMapperScannerRegistrar [172]- Using auto-configuration base package 'com.study.yfz'
17-09-26.14:37:14.612 [restartedMain] WARN  o.m.s.m.ClassPathMapperScanner [167]- No MyBatis mapper was found in '[com.study.yfz]' package. Please check your configuration.
17-09-26.14:37:14.864 [restartedMain] DEBUG o.m.s.b.a.MybatisAutoConfiguration$MapperScannerRegistrarNotFoundConfiguration [209]- No org.mybatis.spring.mapper.MapperFactoryBean found.
17-09-26.14:37:14.869 [restartedMain] DEBUG o.m.s.SqlSessionFactoryBean [411]- Property `configuration` or 'configLocation' not specified, using default MyBatis Configuration
17-09-26.14:37:14.870 [restartedMain] DEBUG o.m.s.SqlSessionFactoryBean [533]- Property 'mapperLocations' was not specified or no matching resources found
17-09-26.14:37:37.075 [restartedMain] DEBUG o.m.s.b.a.MybatisAutoConfiguration$AutoConfiguredMapperScannerRegistrar [161]- Searching for mappers annotated with @Mapper'
17-09-26.14:37:37.076 [restartedMain] DEBUG o.m.s.b.a.MybatisAutoConfiguration$AutoConfiguredMapperScannerRegistrar [172]- Using auto-configuration base package 'com.study.yfz'
17-09-26.14:37:37.089 [restartedMain] WARN  o.m.s.m.ClassPathMapperScanner [167]- No MyBatis mapper was found in '[com.study.yfz]' package. Please check your configuration.
17-09-26.14:37:37.344 [restartedMain] DEBUG o.m.s.b.a.MybatisAutoConfiguration$MapperScannerRegistrarNotFoundConfiguration [209]- No org.mybatis.spring.mapper.MapperFactoryBean found.
17-09-26.14:37:37.348 [restartedMain] DEBUG o.m.s.SqlSessionFactoryBean [411]- Property `configuration` or 'configLocation' not specified, using default MyBatis Configuration
17-09-26.14:37:37.349 [restartedMain] DEBUG o.m.s.SqlSessionFactoryBean [533]- Property 'mapperLocations' was not specified or no matching resources found
17-09-26.14:40:26.188 [restartedMain] DEBUG o.m.s.b.a.MybatisAutoConfiguration$AutoConfiguredMapperScannerRegistrar [161]- Searching for mappers annotated with @Mapper'
17-09-26.14:40:26.188 [restartedMain] DEBUG o.m.s.b.a.MybatisAutoConfiguration$AutoConfiguredMapperScannerRegistrar [172]- Using auto-configuration base package 'com.study.yfz'
17-09-26.14:40:26.222 [restartedMain] WARN  o.m.s.m.ClassPathMapperScanner [167]- No MyBatis mapper was found in '[com.study.yfz]' package. Please check your configuration.
17-09-26.14:40:26.632 [restartedMain] DEBUG o.m.s.b.a.MybatisAutoConfiguration$MapperScannerRegistrarNotFoundConfiguration [209]- No org.mybatis.spring.mapper.MapperFactoryBean found.
17-09-26.14:40:26.638 [restartedMain] DEBUG o.m.s.SqlSessionFactoryBean [411]- Property `configuration` or 'configLocation' not specified, using default MyBatis Configuration
17-09-26.14:40:26.639 [restartedMain] DEBUG o.m.s.SqlSessionFactoryBean [533]- Property 'mapperLocations' was not specified or no matching resources found
17-09-26.14:48:07.629 [restartedMain] DEBUG o.m.s.b.a.MybatisAutoConfiguration$AutoConfiguredMapperScannerRegistrar [161]- Searching for mappers annotated with @Mapper'
17-09-26.14:48:07.630 [restartedMain] DEBUG o.m.s.b.a.MybatisAutoConfiguration$AutoConfiguredMapperScannerRegistrar [172]- Using auto-configuration base package 'com.study.yfz'
17-09-26.14:48:07.642 [restartedMain] WARN  o.m.s.m.ClassPathMapperScanner [167]- No MyBatis mapper was found in '[com.study.yfz]' package. Please check your configuration.
17-09-26.14:48:07.833 [restartedMain] DEBUG o.m.s.b.a.MybatisAutoConfiguration$MapperScannerRegistrarNotFoundConfiguration [209]- No org.mybatis.spring.mapper.MapperFactoryBean found.
17-09-26.14:48:07.838 [restartedMain] DEBUG o.m.s.SqlSessionFactoryBean [411]- Property `configuration` or 'configLocation' not specified, using default MyBatis Configuration
17-09-26.14:48:07.839 [restartedMain] DEBUG o.m.s.SqlSessionFactoryBean [533]- Property 'mapperLocations' was not specified or no matching resources found
17-09-26.14:49:04.101 [restartedMain] DEBUG o.m.s.b.a.MybatisAutoConfiguration$AutoConfiguredMapperScannerRegistrar [161]- Searching for mappers annotated with @Mapper'
17-09-26.14:49:04.104 [restartedMain] DEBUG o.m.s.b.a.MybatisAutoConfiguration$AutoConfiguredMapperScannerRegistrar [172]- Using auto-configuration base package 'com.study.yfz'
17-09-26.14:49:04.116 [restartedMain] WARN  o.m.s.m.ClassPathMapperScanner [167]- No MyBatis mapper was found in '[com.study.yfz]' package. Please check your configuration.
17-09-26.14:49:04.319 [restartedMain] DEBUG o.m.s.b.a.MybatisAutoConfiguration$MapperScannerRegistrarNotFoundConfiguration [209]- No org.mybatis.spring.mapper.MapperFactoryBean found.
17-09-26.14:49:04.323 [restartedMain] DEBUG o.m.s.SqlSessionFactoryBean [411]- Property `configuration` or 'configLocation' not specified, using default MyBatis Configuration
17-09-26.14:49:04.324 [restartedMain] DEBUG o.m.s.SqlSessionFactoryBean [533]- Property 'mapperLocations' was not specified or no matching resources found
17-09-26.14:50:01.570 [restartedMain] DEBUG o.m.s.b.a.MybatisAutoConfiguration$AutoConfiguredMapperScannerRegistrar [161]- Searching for mappers annotated with @Mapper'
17-09-26.14:50:01.571 [restartedMain] DEBUG o.m.s.b.a.MybatisAutoConfiguration$AutoConfiguredMapperScannerRegistrar [172]- Using auto-configuration base package 'com.study.yfz'
17-09-26.14:50:01.582 [restartedMain] WARN  o.m.s.m.ClassPathMapperScanner [167]- No MyBatis mapper was found in '[com.study.yfz]' package. Please check your configuration.
17-09-26.14:50:01.800 [restartedMain] DEBUG o.m.s.b.a.MybatisAutoConfiguration$MapperScannerRegistrarNotFoundConfiguration [209]- No org.mybatis.spring.mapper.MapperFactoryBean found.
17-09-26.14:50:01.806 [restartedMain] DEBUG o.m.s.SqlSessionFactoryBean [411]- Property `configuration` or 'configLocation' not specified, using default MyBatis Configuration
17-09-26.14:50:01.807 [restartedMain] DEBUG o.m.s.SqlSessionFactoryBean [533]- Property 'mapperLocations' was not specified or no matching resources found
17-09-26.14:50:04.735 [restartedMain] DEBUG o.m.s.b.a.MybatisAutoConfiguration$AutoConfiguredMapperScannerRegistrar [161]- Searching for mappers annotated with @Mapper'
17-09-26.14:50:04.735 [restartedMain] DEBUG o.m.s.b.a.MybatisAutoConfiguration$AutoConfiguredMapperScannerRegistrar [172]- Using auto-configuration base package 'com.study.yfz'
17-09-26.14:50:04.748 [restartedMain] WARN  o.m.s.m.ClassPathMapperScanner [167]- No MyBatis mapper was found in '[com.study.yfz]' package. Please check your configuration.
17-09-26.14:50:04.929 [restartedMain] DEBUG o.m.s.b.a.MybatisAutoConfiguration$MapperScannerRegistrarNotFoundConfiguration [209]- No org.mybatis.spring.mapper.MapperFactoryBean found.
17-09-26.14:50:04.934 [restartedMain] DEBUG o.m.s.SqlSessionFactoryBean [411]- Property `configuration` or 'configLocation' not specified, using default MyBatis Configuration
17-09-26.14:50:04.935 [restartedMain] DEBUG o.m.s.SqlSessionFactoryBean [533]- Property 'mapperLocations' was not specified or no matching resources found
17-09-26.14:51:37.445 [restartedMain] DEBUG o.m.s.b.a.MybatisAutoConfiguration$AutoConfiguredMapperScannerRegistrar [161]- Searching for mappers annotated with @Mapper'
17-09-26.14:51:37.446 [restartedMain] DEBUG o.m.s.b.a.MybatisAutoConfiguration$AutoConfiguredMapperScannerRegistrar [172]- Using auto-configuration base package 'com.study.yfz'
17-09-26.14:51:37.458 [restartedMain] WARN  o.m.s.m.ClassPathMapperScanner [167]- No MyBatis mapper was found in '[com.study.yfz]' package. Please check your configuration.
17-09-26.14:51:37.646 [restartedMain] DEBUG o.m.s.b.a.MybatisAutoConfiguration$MapperScannerRegistrarNotFoundConfiguration [209]- No org.mybatis.spring.mapper.MapperFactoryBean found.
17-09-26.14:51:37.650 [restartedMain] DEBUG o.m.s.SqlSessionFactoryBean [411]- Property `configuration` or 'configLocation' not specified, using default MyBatis Configuration
17-09-26.14:51:37.651 [restartedMain] DEBUG o.m.s.SqlSessionFactoryBean [533]- Property 'mapperLocations' was not specified or no matching resources found
17-09-26.14:52:13.755 [restartedMain] DEBUG o.m.s.b.a.MybatisAutoConfiguration$AutoConfiguredMapperScannerRegistrar [161]- Searching for mappers annotated with @Mapper'
17-09-26.14:52:13.755 [restartedMain] DEBUG o.m.s.b.a.MybatisAutoConfiguration$AutoConfiguredMapperScannerRegistrar [172]- Using auto-configuration base package 'com.study.yfz'
17-09-26.14:52:13.771 [restartedMain] WARN  o.m.s.m.ClassPathMapperScanner [167]- No MyBatis mapper was found in '[com.study.yfz]' package. Please check your configuration.
17-09-26.14:52:14.132 [restartedMain] DEBUG o.m.s.b.a.MybatisAutoConfiguration$MapperScannerRegistrarNotFoundConfiguration [209]- No org.mybatis.spring.mapper.MapperFactoryBean found.
17-09-26.14:52:14.137 [restartedMain] DEBUG o.m.s.SqlSessionFactoryBean [411]- Property `configuration` or 'configLocation' not specified, using default MyBatis Configuration
17-09-26.14:52:14.189 [restartedMain] DEBUG o.m.s.SqlSessionFactoryBean [533]- Property 'mapperLocations' was not specified or no matching resources found
17-09-26.15:02:33.679 [restartedMain] DEBUG o.m.s.b.a.MybatisAutoConfiguration$AutoConfiguredMapperScannerRegistrar [161]- Searching for mappers annotated with @Mapper'
17-09-26.15:02:33.681 [restartedMain] DEBUG o.m.s.b.a.MybatisAutoConfiguration$AutoConfiguredMapperScannerRegistrar [172]- Using auto-configuration base package 'com.study.yfz'
17-09-26.15:02:33.726 [restartedMain] WARN  o.m.s.m.ClassPathMapperScanner [167]- No MyBatis mapper was found in '[com.study.yfz]' package. Please check your configuration.
17-09-26.15:02:35.549 [restartedMain] DEBUG o.m.s.b.a.MybatisAutoConfiguration$MapperScannerRegistrarNotFoundConfiguration [209]- No org.mybatis.spring.mapper.MapperFactoryBean found.
17-09-26.15:02:35.568 [restartedMain] DEBUG o.a.i.l.LogFactory [135]- Logging initialized using 'class org.apache.ibatis.logging.slf4j.Slf4jImpl' adapter.
17-09-26.15:02:35.570 [restartedMain] DEBUG o.m.s.SqlSessionFactoryBean [411]- Property `configuration` or 'configLocation' not specified, using default MyBatis Configuration
17-09-26.15:02:35.599 [restartedMain] DEBUG o.m.s.SqlSessionFactoryBean [533]- Property 'mapperLocations' was not specified or no matching resources found
17-09-26.15:13:05.605 [restartedMain] DEBUG o.m.s.b.a.MybatisAutoConfiguration$AutoConfiguredMapperScannerRegistrar [161]- Searching for mappers annotated with @Mapper'
17-09-26.15:13:05.608 [restartedMain] DEBUG o.m.s.b.a.MybatisAutoConfiguration$AutoConfiguredMapperScannerRegistrar [172]- Using auto-configuration base package 'com.study.yfz'
17-09-26.15:13:05.648 [restartedMain] WARN  o.m.s.m.ClassPathMapperScanner [167]- No MyBatis mapper was found in '[com.study.yfz]' package. Please check your configuration.
17-09-26.15:56:46.643 [restartedMain] DEBUG o.m.s.b.a.MybatisAutoConfiguration$AutoConfiguredMapperScannerRegistrar [161]- Searching for mappers annotated with @Mapper'
17-09-26.15:56:46.649 [restartedMain] DEBUG o.m.s.b.a.MybatisAutoConfiguration$AutoConfiguredMapperScannerRegistrar [172]- Using auto-configuration base package 'com.study.yfz'
17-09-26.15:56:46.692 [restartedMain] WARN  o.m.s.m.ClassPathMapperScanner [167]- No MyBatis mapper was found in '[com.study.yfz]' package. Please check your configuration.
17-09-26.15:56:48.594 [restartedMain] DEBUG o.m.s.b.a.MybatisAutoConfiguration$MapperScannerRegistrarNotFoundConfiguration [209]- No org.mybatis.spring.mapper.MapperFactoryBean found.
17-09-26.15:56:48.613 [restartedMain] DEBUG o.a.i.l.LogFactory [135]- Logging initialized using 'class org.apache.ibatis.logging.slf4j.Slf4jImpl' adapter.
17-09-26.15:56:48.615 [restartedMain] DEBUG o.m.s.SqlSessionFactoryBean [411]- Property `configuration` or 'configLocation' not specified, using default MyBatis Configuration
17-09-26.15:56:48.645 [restartedMain] DEBUG o.m.s.SqlSessionFactoryBean [533]- Property 'mapperLocations' was not specified or no matching resources found
17-09-26.16:45:44.600 [restartedMain] DEBUG o.m.s.b.a.MybatisAutoConfiguration$AutoConfiguredMapperScannerRegistrar [161]- Searching for mappers annotated with @Mapper'
17-09-26.16:45:44.603 [restartedMain] DEBUG o.m.s.b.a.MybatisAutoConfiguration$AutoConfiguredMapperScannerRegistrar [172]- Using auto-configuration base package 'com.study.yfz'
17-09-26.16:45:44.639 [restartedMain] WARN  o.m.s.m.ClassPathMapperScanner [167]- No MyBatis mapper was found in '[com.study.yfz]' package. Please check your configuration.
17-09-26.16:45:46.575 [restartedMain] DEBUG o.m.s.b.a.MybatisAutoConfiguration$MapperScannerRegistrarNotFoundConfiguration [209]- No org.mybatis.spring.mapper.MapperFactoryBean found.
17-09-26.16:45:46.594 [restartedMain] DEBUG o.a.i.l.LogFactory [135]- Logging initialized using 'class org.apache.ibatis.logging.slf4j.Slf4jImpl' adapter.
17-09-26.16:45:46.597 [restartedMain] DEBUG o.m.s.SqlSessionFactoryBean [411]- Property `configuration` or 'configLocation' not specified, using default MyBatis Configuration
17-09-26.16:45:46.627 [restartedMain] DEBUG o.m.s.SqlSessionFactoryBean [533]- Property 'mapperLocations' was not specified or no matching resources found
